{"C:\\Users\\migue\\Videos\\asset_management\\backend\\src\\controllers\\anomalyController.js": {"path":"C:\\Users\\migue\\Videos\\asset_management\\backend\\src\\controllers\\anomalyController.js","statementMap":{"0":{"start":{"line":1,"column":15},"end":{"line":1,"column":41}},"1":{"start":{"line":2,"column":31},"end":{"line":2,"column":66}},"2":{"start":{"line":4,"column":22},"end":{"line":85,"column":1}},"3":{"start":{"line":5,"column":57},"end":{"line":5,"column":65}},"4":{"start":{"line":7,"column":2},"end":{"line":84,"column":3}},"5":{"start":{"line":8,"column":4},"end":{"line":13,"column":5}},"6":{"start":{"line":9,"column":6},"end":{"line":12,"column":9}},"7":{"start":{"line":15,"column":22},"end":{"line":17,"column":6}},"8":{"start":{"line":19,"column":4},"end":{"line":24,"column":5}},"9":{"start":{"line":20,"column":6},"end":{"line":23,"column":9}},"10":{"start":{"line":26,"column":20},"end":{"line":45,"column":6}},"11":{"start":{"line":47,"column":4},"end":{"line":55,"column":7}},"12":{"start":{"line":58,"column":28},"end":{"line":63,"column":6}},"13":{"start":{"line":65,"column":4},"end":{"line":72,"column":5}},"14":{"start":{"line":66,"column":6},"end":{"line":71,"column":8}},"15":{"start":{"line":74,"column":4},"end":{"line":77,"column":7}},"16":{"start":{"line":79,"column":4},"end":{"line":79,"column":44}},"17":{"start":{"line":80,"column":4},"end":{"line":83,"column":7}},"18":{"start":{"line":87,"column":24},"end":{"line":125,"column":1}},"19":{"start":{"line":88,"column":2},"end":{"line":124,"column":3}},"20":{"start":{"line":89,"column":56},"end":{"line":89,"column":65}},"21":{"start":{"line":91,"column":18},"end":{"line":91,"column":20}},"22":{"start":{"line":93,"column":4},"end":{"line":93,"column":38}},"23":{"start":{"line":93,"column":16},"end":{"line":93,"column":38}},"24":{"start":{"line":94,"column":4},"end":{"line":94,"column":50}},"25":{"start":{"line":94,"column":20},"end":{"line":94,"column":50}},"26":{"start":{"line":95,"column":4},"end":{"line":95,"column":61}},"27":{"start":{"line":95,"column":21},"end":{"line":95,"column":61}},"28":{"start":{"line":96,"column":4},"end":{"line":96,"column":46}},"29":{"start":{"line":96,"column":16},"end":{"line":96,"column":46}},"30":{"start":{"line":98,"column":22},"end":{"line":112,"column":6}},"31":{"start":{"line":114,"column":4},"end":{"line":117,"column":7}},"32":{"start":{"line":119,"column":4},"end":{"line":119,"column":46}},"33":{"start":{"line":120,"column":4},"end":{"line":123,"column":7}},"34":{"start":{"line":127,"column":23},"end":{"line":164,"column":1}},"35":{"start":{"line":128,"column":17},"end":{"line":128,"column":27}},"36":{"start":{"line":130,"column":2},"end":{"line":163,"column":3}},"37":{"start":{"line":131,"column":20},"end":{"line":144,"column":6}},"38":{"start":{"line":146,"column":4},"end":{"line":151,"column":5}},"39":{"start":{"line":147,"column":6},"end":{"line":150,"column":9}},"40":{"start":{"line":153,"column":4},"end":{"line":156,"column":7}},"41":{"start":{"line":158,"column":4},"end":{"line":158,"column":45}},"42":{"start":{"line":159,"column":4},"end":{"line":162,"column":7}},"43":{"start":{"line":166,"column":22},"end":{"line":224,"column":1}},"44":{"start":{"line":167,"column":17},"end":{"line":167,"column":27}},"45":{"start":{"line":168,"column":52},"end":{"line":168,"column":60}},"46":{"start":{"line":170,"column":2},"end":{"line":223,"column":3}},"47":{"start":{"line":171,"column":20},"end":{"line":173,"column":6}},"48":{"start":{"line":175,"column":4},"end":{"line":180,"column":5}},"49":{"start":{"line":176,"column":6},"end":{"line":179,"column":9}},"50":{"start":{"line":182,"column":20},"end":{"line":201,"column":6}},"51":{"start":{"line":203,"column":4},"end":{"line":211,"column":7}},"52":{"start":{"line":213,"column":4},"end":{"line":216,"column":7}},"53":{"start":{"line":218,"column":4},"end":{"line":218,"column":44}},"54":{"start":{"line":219,"column":4},"end":{"line":222,"column":7}},"55":{"start":{"line":226,"column":23},"end":{"line":288,"column":1}},"56":{"start":{"line":227,"column":17},"end":{"line":227,"column":27}},"57":{"start":{"line":229,"column":2},"end":{"line":287,"column":3}},"58":{"start":{"line":230,"column":20},"end":{"line":232,"column":6}},"59":{"start":{"line":234,"column":4},"end":{"line":239,"column":5}},"60":{"start":{"line":235,"column":6},"end":{"line":238,"column":9}},"61":{"start":{"line":241,"column":20},"end":{"line":257,"column":6}},"62":{"start":{"line":259,"column":4},"end":{"line":267,"column":7}},"63":{"start":{"line":270,"column":4},"end":{"line":275,"column":6}},"64":{"start":{"line":277,"column":4},"end":{"line":280,"column":7}},"65":{"start":{"line":282,"column":4},"end":{"line":282,"column":45}},"66":{"start":{"line":283,"column":4},"end":{"line":286,"column":7}},"67":{"start":{"line":290,"column":22},"end":{"line":330,"column":1}},"68":{"start":{"line":291,"column":17},"end":{"line":291,"column":27}},"69":{"start":{"line":293,"column":2},"end":{"line":329,"column":3}},"70":{"start":{"line":294,"column":20},"end":{"line":296,"column":6}},"71":{"start":{"line":298,"column":4},"end":{"line":303,"column":5}},"72":{"start":{"line":299,"column":6},"end":{"line":302,"column":9}},"73":{"start":{"line":305,"column":4},"end":{"line":307,"column":7}},"74":{"start":{"line":309,"column":4},"end":{"line":317,"column":7}},"75":{"start":{"line":319,"column":4},"end":{"line":322,"column":7}},"76":{"start":{"line":324,"column":4},"end":{"line":324,"column":44}},"77":{"start":{"line":325,"column":4},"end":{"line":328,"column":7}},"78":{"start":{"line":332,"column":0},"end":{"line":339,"column":2}}},"fnMap":{"0":{"name":"(anonymous_0)","decl":{"start":{"line":4,"column":22},"end":{"line":4,"column":23}},"loc":{"start":{"line":4,"column":42},"end":{"line":85,"column":1}},"line":4},"1":{"name":"(anonymous_1)","decl":{"start":{"line":87,"column":24},"end":{"line":87,"column":25}},"loc":{"start":{"line":87,"column":44},"end":{"line":125,"column":1}},"line":87},"2":{"name":"(anonymous_2)","decl":{"start":{"line":127,"column":23},"end":{"line":127,"column":24}},"loc":{"start":{"line":127,"column":43},"end":{"line":164,"column":1}},"line":127},"3":{"name":"(anonymous_3)","decl":{"start":{"line":166,"column":22},"end":{"line":166,"column":23}},"loc":{"start":{"line":166,"column":42},"end":{"line":224,"column":1}},"line":166},"4":{"name":"(anonymous_4)","decl":{"start":{"line":226,"column":23},"end":{"line":226,"column":24}},"loc":{"start":{"line":226,"column":43},"end":{"line":288,"column":1}},"line":226},"5":{"name":"(anonymous_5)","decl":{"start":{"line":290,"column":22},"end":{"line":290,"column":23}},"loc":{"start":{"line":290,"column":42},"end":{"line":330,"column":1}},"line":290}},"branchMap":{"0":{"loc":{"start":{"line":8,"column":4},"end":{"line":13,"column":5}},"type":"if","locations":[{"start":{"line":8,"column":4},"end":{"line":13,"column":5}},{"start":{},"end":{}}],"line":8},"1":{"loc":{"start":{"line":8,"column":8},"end":{"line":8,"column":60}},"type":"binary-expr","locations":[{"start":{"line":8,"column":8},"end":{"line":8,"column":20}},{"start":{"line":8,"column":24},"end":{"line":8,"column":31}},{"start":{"line":8,"column":35},"end":{"line":8,"column":45}},{"start":{"line":8,"column":49},"end":{"line":8,"column":60}}],"line":8},"2":{"loc":{"start":{"line":19,"column":4},"end":{"line":24,"column":5}},"type":"if","locations":[{"start":{"line":19,"column":4},"end":{"line":24,"column":5}},{"start":{},"end":{}}],"line":19},"3":{"loc":{"start":{"line":70,"column":8},"end":{"line":70,"column":85}},"type":"cond-expr","locations":[{"start":{"line":70,"column":32},"end":{"line":70,"column":39}},{"start":{"line":70,"column":42},"end":{"line":70,"column":85}}],"line":70},"4":{"loc":{"start":{"line":70,"column":42},"end":{"line":70,"column":85}},"type":"cond-expr","locations":[{"start":{"line":70,"column":67},"end":{"line":70,"column":76}},{"start":{"line":70,"column":79},"end":{"line":70,"column":85}}],"line":70},"5":{"loc":{"start":{"line":93,"column":4},"end":{"line":93,"column":38}},"type":"if","locations":[{"start":{"line":93,"column":4},"end":{"line":93,"column":38}},{"start":{},"end":{}}],"line":93},"6":{"loc":{"start":{"line":94,"column":4},"end":{"line":94,"column":50}},"type":"if","locations":[{"start":{"line":94,"column":4},"end":{"line":94,"column":50}},{"start":{},"end":{}}],"line":94},"7":{"loc":{"start":{"line":95,"column":4},"end":{"line":95,"column":61}},"type":"if","locations":[{"start":{"line":95,"column":4},"end":{"line":95,"column":61}},{"start":{},"end":{}}],"line":95},"8":{"loc":{"start":{"line":96,"column":4},"end":{"line":96,"column":46}},"type":"if","locations":[{"start":{"line":96,"column":4},"end":{"line":96,"column":46}},{"start":{},"end":{}}],"line":96},"9":{"loc":{"start":{"line":146,"column":4},"end":{"line":151,"column":5}},"type":"if","locations":[{"start":{"line":146,"column":4},"end":{"line":151,"column":5}},{"start":{},"end":{}}],"line":146},"10":{"loc":{"start":{"line":175,"column":4},"end":{"line":180,"column":5}},"type":"if","locations":[{"start":{"line":175,"column":4},"end":{"line":180,"column":5}},{"start":{},"end":{}}],"line":175},"11":{"loc":{"start":{"line":185,"column":16},"end":{"line":185,"column":40}},"type":"binary-expr","locations":[{"start":{"line":185,"column":16},"end":{"line":185,"column":22}},{"start":{"line":185,"column":26},"end":{"line":185,"column":40}}],"line":185},"12":{"loc":{"start":{"line":186,"column":19},"end":{"line":186,"column":49}},"type":"binary-expr","locations":[{"start":{"line":186,"column":19},"end":{"line":186,"column":28}},{"start":{"line":186,"column":32},"end":{"line":186,"column":49}}],"line":186},"13":{"loc":{"start":{"line":187,"column":16},"end":{"line":187,"column":40}},"type":"binary-expr","locations":[{"start":{"line":187,"column":16},"end":{"line":187,"column":22}},{"start":{"line":187,"column":26},"end":{"line":187,"column":40}}],"line":187},"14":{"loc":{"start":{"line":188,"column":20},"end":{"line":188,"column":52}},"type":"binary-expr","locations":[{"start":{"line":188,"column":20},"end":{"line":188,"column":30}},{"start":{"line":188,"column":34},"end":{"line":188,"column":52}}],"line":188},"15":{"loc":{"start":{"line":234,"column":4},"end":{"line":239,"column":5}},"type":"if","locations":[{"start":{"line":234,"column":4},"end":{"line":239,"column":5}},{"start":{},"end":{}}],"line":234},"16":{"loc":{"start":{"line":298,"column":4},"end":{"line":303,"column":5}},"type":"if","locations":[{"start":{"line":298,"column":4},"end":{"line":303,"column":5}},{"start":{},"end":{}}],"line":298}},"s":{"0":2,"1":2,"2":2,"3":0,"4":0,"5":0,"6":0,"7":0,"8":0,"9":0,"10":0,"11":0,"12":0,"13":0,"14":0,"15":0,"16":0,"17":0,"18":2,"19":0,"20":0,"21":0,"22":0,"23":0,"24":0,"25":0,"26":0,"27":0,"28":0,"29":0,"30":0,"31":0,"32":0,"33":0,"34":2,"35":0,"36":0,"37":0,"38":0,"39":0,"40":0,"41":0,"42":0,"43":2,"44":0,"45":0,"46":0,"47":0,"48":0,"49":0,"50":0,"51":0,"52":0,"53":0,"54":0,"55":2,"56":0,"57":0,"58":0,"59":0,"60":0,"61":0,"62":0,"63":0,"64":0,"65":0,"66":0,"67":2,"68":0,"69":0,"70":0,"71":0,"72":0,"73":0,"74":0,"75":0,"76":0,"77":0,"78":2},"f":{"0":0,"1":0,"2":0,"3":0,"4":0,"5":0},"b":{"0":[0,0],"1":[0,0,0,0],"2":[0,0],"3":[0,0],"4":[0,0],"5":[0,0],"6":[0,0],"7":[0,0],"8":[0,0],"9":[0,0],"10":[0,0],"11":[0,0],"12":[0,0],"13":[0,0],"14":[0,0],"15":[0,0],"16":[0,0]},"_coverageSchema":"1a1c01bbd47fc00a2c39e90264f33305004495a9","hash":"410416bece33b32b6f0c2f8d2700631a5d40b3ae"}
,"C:\\Users\\migue\\Videos\\asset_management\\backend\\src\\controllers\\authController.js": {"path":"C:\\Users\\migue\\Videos\\asset_management\\backend\\src\\controllers\\authController.js","statementMap":{"0":{"start":{"line":1,"column":15},"end":{"line":1,"column":41}},"1":{"start":{"line":2,"column":15},"end":{"line":2,"column":32}},"2":{"start":{"line":3,"column":12},"end":{"line":3,"column":35}},"3":{"start":{"line":4,"column":15},"end":{"line":4,"column":32}},"4":{"start":{"line":6,"column":26},"end":{"line":6,"column":49}},"5":{"start":{"line":7,"column":40},"end":{"line":7,"column":78}},"6":{"start":{"line":10,"column":29},"end":{"line":14,"column":1}},"7":{"start":{"line":11,"column":2},"end":{"line":13,"column":5}},"8":{"start":{"line":17,"column":17},"end":{"line":76,"column":1}},"9":{"start":{"line":18,"column":2},"end":{"line":75,"column":3}},"10":{"start":{"line":19,"column":17},"end":{"line":19,"column":47}},"11":{"start":{"line":20,"column":43},"end":{"line":20,"column":47}},"12":{"start":{"line":23,"column":4},"end":{"line":28,"column":5}},"13":{"start":{"line":24,"column":6},"end":{"line":27,"column":9}},"14":{"start":{"line":30,"column":23},"end":{"line":32,"column":6}},"15":{"start":{"line":34,"column":4},"end":{"line":39,"column":5}},"16":{"start":{"line":35,"column":6},"end":{"line":38,"column":9}},"17":{"start":{"line":41,"column":27},"end":{"line":41,"column":55}},"18":{"start":{"line":43,"column":17},"end":{"line":50,"column":6}},"19":{"start":{"line":52,"column":4},"end":{"line":61,"column":7}},"20":{"start":{"line":63,"column":4},"end":{"line":69,"column":5}},"21":{"start":{"line":64,"column":6},"end":{"line":68,"column":9}},"22":{"start":{"line":71,"column":4},"end":{"line":74,"column":7}},"23":{"start":{"line":79,"column":14},"end":{"line":140,"column":1}},"24":{"start":{"line":80,"column":2},"end":{"line":139,"column":3}},"25":{"start":{"line":81,"column":17},"end":{"line":81,"column":44}},"26":{"start":{"line":82,"column":29},"end":{"line":82,"column":33}},"27":{"start":{"line":84,"column":17},"end":{"line":86,"column":6}},"28":{"start":{"line":88,"column":4},"end":{"line":93,"column":5}},"29":{"start":{"line":89,"column":6},"end":{"line":92,"column":9}},"30":{"start":{"line":95,"column":26},"end":{"line":95,"column":65}},"31":{"start":{"line":97,"column":4},"end":{"line":102,"column":5}},"32":{"start":{"line":98,"column":6},"end":{"line":101,"column":9}},"33":{"start":{"line":104,"column":18},"end":{"line":104,"column":37}},"34":{"start":{"line":105,"column":25},"end":{"line":105,"column":51}},"35":{"start":{"line":107,"column":4},"end":{"line":110,"column":7}},"36":{"start":{"line":112,"column":4},"end":{"line":125,"column":7}},"37":{"start":{"line":127,"column":4},"end":{"line":133,"column":5}},"38":{"start":{"line":128,"column":6},"end":{"line":132,"column":9}},"39":{"start":{"line":135,"column":4},"end":{"line":138,"column":7}},"40":{"start":{"line":143,"column":16},"end":{"line":179,"column":1}},"41":{"start":{"line":144,"column":27},"end":{"line":144,"column":35}},"42":{"start":{"line":146,"column":2},"end":{"line":151,"column":3}},"43":{"start":{"line":147,"column":4},"end":{"line":150,"column":7}},"44":{"start":{"line":153,"column":2},"end":{"line":178,"column":3}},"45":{"start":{"line":154,"column":20},"end":{"line":154,"column":76}},"46":{"start":{"line":156,"column":17},"end":{"line":158,"column":6}},"47":{"start":{"line":160,"column":4},"end":{"line":165,"column":5}},"48":{"start":{"line":161,"column":6},"end":{"line":164,"column":9}},"49":{"start":{"line":167,"column":21},"end":{"line":167,"column":40}},"50":{"start":{"line":169,"column":4},"end":{"line":172,"column":7}},"51":{"start":{"line":174,"column":4},"end":{"line":177,"column":7}},"52":{"start":{"line":182,"column":29},"end":{"line":219,"column":1}},"53":{"start":{"line":183,"column":20},"end":{"line":183,"column":28}},"54":{"start":{"line":185,"column":2},"end":{"line":218,"column":3}},"55":{"start":{"line":186,"column":17},"end":{"line":188,"column":6}},"56":{"start":{"line":190,"column":4},"end":{"line":195,"column":5}},"57":{"start":{"line":191,"column":6},"end":{"line":194,"column":9}},"58":{"start":{"line":197,"column":18},"end":{"line":197,"column":56}},"59":{"start":{"line":199,"column":4},"end":{"line":205,"column":7}},"60":{"start":{"line":207,"column":4},"end":{"line":207,"column":39}},"61":{"start":{"line":209,"column":4},"end":{"line":212,"column":7}},"62":{"start":{"line":214,"column":4},"end":{"line":217,"column":7}},"63":{"start":{"line":222,"column":22},"end":{"line":261,"column":1}},"64":{"start":{"line":223,"column":31},"end":{"line":223,"column":39}},"65":{"start":{"line":225,"column":2},"end":{"line":260,"column":3}},"66":{"start":{"line":226,"column":17},"end":{"line":231,"column":6}},"67":{"start":{"line":233,"column":4},"end":{"line":238,"column":5}},"68":{"start":{"line":234,"column":6},"end":{"line":237,"column":9}},"69":{"start":{"line":240,"column":19},"end":{"line":240,"column":51}},"70":{"start":{"line":242,"column":4},"end":{"line":249,"column":7}},"71":{"start":{"line":251,"column":4},"end":{"line":254,"column":7}},"72":{"start":{"line":256,"column":4},"end":{"line":259,"column":7}},"73":{"start":{"line":263,"column":0},"end":{"line":269,"column":2}}},"fnMap":{"0":{"name":"(anonymous_0)","decl":{"start":{"line":10,"column":29},"end":{"line":10,"column":30}},"loc":{"start":{"line":10,"column":39},"end":{"line":14,"column":1}},"line":10},"1":{"name":"(anonymous_1)","decl":{"start":{"line":17,"column":17},"end":{"line":17,"column":18}},"loc":{"start":{"line":17,"column":37},"end":{"line":76,"column":1}},"line":17},"2":{"name":"(anonymous_2)","decl":{"start":{"line":79,"column":14},"end":{"line":79,"column":15}},"loc":{"start":{"line":79,"column":34},"end":{"line":140,"column":1}},"line":79},"3":{"name":"(anonymous_3)","decl":{"start":{"line":143,"column":16},"end":{"line":143,"column":17}},"loc":{"start":{"line":143,"column":36},"end":{"line":179,"column":1}},"line":143},"4":{"name":"(anonymous_4)","decl":{"start":{"line":182,"column":29},"end":{"line":182,"column":30}},"loc":{"start":{"line":182,"column":49},"end":{"line":219,"column":1}},"line":182},"5":{"name":"(anonymous_5)","decl":{"start":{"line":222,"column":22},"end":{"line":222,"column":23}},"loc":{"start":{"line":222,"column":42},"end":{"line":261,"column":1}},"line":222}},"branchMap":{"0":{"loc":{"start":{"line":23,"column":4},"end":{"line":28,"column":5}},"type":"if","locations":[{"start":{"line":23,"column":4},"end":{"line":28,"column":5}},{"start":{},"end":{}}],"line":23},"1":{"loc":{"start":{"line":34,"column":4},"end":{"line":39,"column":5}},"type":"if","locations":[{"start":{"line":34,"column":4},"end":{"line":39,"column":5}},{"start":{},"end":{}}],"line":34},"2":{"loc":{"start":{"line":63,"column":4},"end":{"line":69,"column":5}},"type":"if","locations":[{"start":{"line":63,"column":4},"end":{"line":69,"column":5}},{"start":{},"end":{}}],"line":63},"3":{"loc":{"start":{"line":88,"column":4},"end":{"line":93,"column":5}},"type":"if","locations":[{"start":{"line":88,"column":4},"end":{"line":93,"column":5}},{"start":{},"end":{}}],"line":88},"4":{"loc":{"start":{"line":97,"column":4},"end":{"line":102,"column":5}},"type":"if","locations":[{"start":{"line":97,"column":4},"end":{"line":102,"column":5}},{"start":{},"end":{}}],"line":97},"5":{"loc":{"start":{"line":127,"column":4},"end":{"line":133,"column":5}},"type":"if","locations":[{"start":{"line":127,"column":4},"end":{"line":133,"column":5}},{"start":{},"end":{}}],"line":127},"6":{"loc":{"start":{"line":146,"column":2},"end":{"line":151,"column":3}},"type":"if","locations":[{"start":{"line":146,"column":2},"end":{"line":151,"column":3}},{"start":{},"end":{}}],"line":146},"7":{"loc":{"start":{"line":160,"column":4},"end":{"line":165,"column":5}},"type":"if","locations":[{"start":{"line":160,"column":4},"end":{"line":165,"column":5}},{"start":{},"end":{}}],"line":160},"8":{"loc":{"start":{"line":160,"column":8},"end":{"line":160,"column":51}},"type":"binary-expr","locations":[{"start":{"line":160,"column":8},"end":{"line":160,"column":13}},{"start":{"line":160,"column":17},"end":{"line":160,"column":51}}],"line":160},"9":{"loc":{"start":{"line":190,"column":4},"end":{"line":195,"column":5}},"type":"if","locations":[{"start":{"line":190,"column":4},"end":{"line":195,"column":5}},{"start":{},"end":{}}],"line":190},"10":{"loc":{"start":{"line":233,"column":4},"end":{"line":238,"column":5}},"type":"if","locations":[{"start":{"line":233,"column":4},"end":{"line":238,"column":5}},{"start":{},"end":{}}],"line":233}},"s":{"0":2,"1":2,"2":2,"3":2,"4":2,"5":2,"6":2,"7":1,"8":2,"9":4,"10":4,"11":3,"12":3,"13":1,"14":2,"15":2,"16":1,"17":1,"18":1,"19":1,"20":1,"21":1,"22":0,"23":2,"24":3,"25":3,"26":2,"27":2,"28":2,"29":1,"30":1,"31":1,"32":0,"33":1,"34":1,"35":1,"36":1,"37":1,"38":1,"39":0,"40":2,"41":0,"42":0,"43":0,"44":0,"45":0,"46":0,"47":0,"48":0,"49":0,"50":0,"51":0,"52":2,"53":0,"54":0,"55":0,"56":0,"57":0,"58":0,"59":0,"60":0,"61":0,"62":0,"63":2,"64":0,"65":0,"66":0,"67":0,"68":0,"69":0,"70":0,"71":0,"72":0,"73":2},"f":{"0":1,"1":4,"2":3,"3":0,"4":0,"5":0},"b":{"0":[1,2],"1":[1,1],"2":[1,0],"3":[1,1],"4":[0,1],"5":[1,0],"6":[0,0],"7":[0,0],"8":[0,0],"9":[0,0],"10":[0,0]},"_coverageSchema":"1a1c01bbd47fc00a2c39e90264f33305004495a9","hash":"542b9a7380909b0c71fb7d90c48c89ade0697633"}
,"C:\\Users\\migue\\Videos\\asset_management\\backend\\src\\controllers\\dashboardController.js": {"path":"C:\\Users\\migue\\Videos\\asset_management\\backend\\src\\controllers\\dashboardController.js","statementMap":{"0":{"start":{"line":1,"column":15},"end":{"line":1,"column":41}},"1":{"start":{"line":3,"column":26},"end":{"line":123,"column":1}},"2":{"start":{"line":4,"column":2},"end":{"line":122,"column":3}},"3":{"start":{"line":5,"column":16},"end":{"line":5,"column":26}},"4":{"start":{"line":6,"column":25},"end":{"line":13,"column":6}},"5":{"start":{"line":7,"column":19},"end":{"line":7,"column":79}},"6":{"start":{"line":8,"column":6},"end":{"line":12,"column":7}},"7":{"start":{"line":15,"column":28},"end":{"line":26,"column":5}},"8":{"start":{"line":35,"column":8},"end":{"line":61,"column":6}},"9":{"start":{"line":64,"column":21},"end":{"line":70,"column":5}},"10":{"start":{"line":72,"column":4},"end":{"line":74,"column":6}},"11":{"start":{"line":73,"column":6},"end":{"line":73,"column":41}},"12":{"start":{"line":77,"column":24},"end":{"line":81,"column":9}},"13":{"start":{"line":84,"column":24},"end":{"line":102,"column":6}},"14":{"start":{"line":85,"column":27},"end":{"line":87,"column":7}},"15":{"start":{"line":86,"column":17},"end":{"line":86,"column":52}},"16":{"start":{"line":89,"column":28},"end":{"line":91,"column":14}},"17":{"start":{"line":90,"column":8},"end":{"line":90,"column":42}},"18":{"start":{"line":94,"column":8},"end":{"line":96,"column":13}},"19":{"start":{"line":98,"column":6},"end":{"line":101,"column":7}},"20":{"start":{"line":104,"column":4},"end":{"line":114,"column":6}},"21":{"start":{"line":116,"column":4},"end":{"line":116,"column":24}},"22":{"start":{"line":118,"column":4},"end":{"line":121,"column":6}},"23":{"start":{"line":125,"column":0},"end":{"line":125,"column":38}}},"fnMap":{"0":{"name":"(anonymous_0)","decl":{"start":{"line":3,"column":26},"end":{"line":3,"column":27}},"loc":{"start":{"line":3,"column":46},"end":{"line":123,"column":1}},"line":3},"1":{"name":"(anonymous_1)","decl":{"start":{"line":6,"column":51},"end":{"line":6,"column":52}},"loc":{"start":{"line":6,"column":65},"end":{"line":13,"column":5}},"line":6},"2":{"name":"(anonymous_2)","decl":{"start":{"line":72,"column":20},"end":{"line":72,"column":21}},"loc":{"start":{"line":72,"column":30},"end":{"line":74,"column":5}},"line":72},"3":{"name":"(anonymous_3)","decl":{"start":{"line":84,"column":41},"end":{"line":84,"column":42}},"loc":{"start":{"line":84,"column":68},"end":{"line":102,"column":5}},"line":84},"4":{"name":"(anonymous_4)","decl":{"start":{"line":86,"column":8},"end":{"line":86,"column":9}},"loc":{"start":{"line":86,"column":17},"end":{"line":86,"column":52}},"line":86},"5":{"name":"(anonymous_5)","decl":{"start":{"line":89,"column":48},"end":{"line":89,"column":49}},"loc":{"start":{"line":90,"column":8},"end":{"line":90,"column":42}},"line":90}},"branchMap":{"0":{"loc":{"start":{"line":77,"column":24},"end":{"line":81,"column":9}},"type":"cond-expr","locations":[{"start":{"line":78,"column":8},"end":{"line":80,"column":9}},{"start":{"line":81,"column":8},"end":{"line":81,"column":9}}],"line":77},"1":{"loc":{"start":{"line":86,"column":17},"end":{"line":86,"column":52}},"type":"binary-expr","locations":[{"start":{"line":86,"column":17},"end":{"line":86,"column":34}},{"start":{"line":86,"column":38},"end":{"line":86,"column":52}}],"line":86},"2":{"loc":{"start":{"line":94,"column":8},"end":{"line":96,"column":13}},"type":"cond-expr","locations":[{"start":{"line":95,"column":12},"end":{"line":95,"column":67}},{"start":{"line":96,"column":12},"end":{"line":96,"column":13}}],"line":94}},"s":{"0":2,"1":2,"2":0,"3":0,"4":0,"5":0,"6":0,"7":0,"8":0,"9":0,"10":0,"11":0,"12":0,"13":0,"14":0,"15":0,"16":0,"17":0,"18":0,"19":0,"20":0,"21":0,"22":0,"23":2},"f":{"0":0,"1":0,"2":0,"3":0,"4":0,"5":0},"b":{"0":[0,0],"1":[0,0],"2":[0,0]},"_coverageSchema":"1a1c01bbd47fc00a2c39e90264f33305004495a9","hash":"9ee82fdf51c945b92f4b08e82914685ded837eac"}
,"C:\\Users\\migue\\Videos\\asset_management\\backend\\src\\controllers\\equipmentController.js": {"path":"C:\\Users\\migue\\Videos\\asset_management\\backend\\src\\controllers\\equipmentController.js","statementMap":{"0":{"start":{"line":1,"column":15},"end":{"line":1,"column":41}},"1":{"start":{"line":2,"column":57},"end":{"line":2,"column":100}},"2":{"start":{"line":3,"column":31},"end":{"line":3,"column":66}},"3":{"start":{"line":5,"column":21},"end":{"line":17,"column":1}},"4":{"start":{"line":6,"column":2},"end":{"line":16,"column":3}},"5":{"start":{"line":7,"column":19},"end":{"line":10,"column":6}},"6":{"start":{"line":11,"column":4},"end":{"line":13,"column":5}},"7":{"start":{"line":12,"column":6},"end":{"line":12,"column":61}},"8":{"start":{"line":15,"column":4},"end":{"line":15,"column":45}},"9":{"start":{"line":20,"column":24},"end":{"line":76,"column":1}},"10":{"start":{"line":21,"column":2},"end":{"line":75,"column":3}},"11":{"start":{"line":22,"column":17},"end":{"line":22,"column":54}},"12":{"start":{"line":23,"column":29},"end":{"line":23,"column":33}},"13":{"start":{"line":25,"column":19},"end":{"line":27,"column":6}},"14":{"start":{"line":29,"column":4},"end":{"line":34,"column":5}},"15":{"start":{"line":30,"column":6},"end":{"line":33,"column":9}},"16":{"start":{"line":36,"column":22},"end":{"line":42,"column":6}},"17":{"start":{"line":45,"column":4},"end":{"line":52,"column":7}},"18":{"start":{"line":55,"column":4},"end":{"line":59,"column":6}},"19":{"start":{"line":61,"column":4},"end":{"line":64,"column":7}},"20":{"start":{"line":66,"column":4},"end":{"line":72,"column":5}},"21":{"start":{"line":67,"column":6},"end":{"line":71,"column":9}},"22":{"start":{"line":73,"column":4},"end":{"line":73,"column":46}},"23":{"start":{"line":74,"column":4},"end":{"line":74,"column":68}},"24":{"start":{"line":79,"column":24},"end":{"line":128,"column":1}},"25":{"start":{"line":80,"column":17},"end":{"line":80,"column":27}},"26":{"start":{"line":82,"column":2},"end":{"line":127,"column":3}},"27":{"start":{"line":83,"column":17},"end":{"line":83,"column":54}},"28":{"start":{"line":85,"column":22},"end":{"line":87,"column":6}},"29":{"start":{"line":89,"column":4},"end":{"line":94,"column":5}},"30":{"start":{"line":90,"column":6},"end":{"line":93,"column":9}},"31":{"start":{"line":96,"column":20},"end":{"line":102,"column":6}},"32":{"start":{"line":104,"column":4},"end":{"line":111,"column":7}},"33":{"start":{"line":113,"column":4},"end":{"line":116,"column":7}},"34":{"start":{"line":118,"column":4},"end":{"line":124,"column":5}},"35":{"start":{"line":119,"column":6},"end":{"line":123,"column":9}},"36":{"start":{"line":125,"column":4},"end":{"line":125,"column":46}},"37":{"start":{"line":126,"column":4},"end":{"line":126,"column":68}},"38":{"start":{"line":131,"column":24},"end":{"line":175,"column":1}},"39":{"start":{"line":132,"column":17},"end":{"line":132,"column":27}},"40":{"start":{"line":134,"column":2},"end":{"line":174,"column":3}},"41":{"start":{"line":135,"column":22},"end":{"line":137,"column":6}},"42":{"start":{"line":139,"column":4},"end":{"line":144,"column":5}},"43":{"start":{"line":140,"column":6},"end":{"line":143,"column":9}},"44":{"start":{"line":147,"column":4},"end":{"line":152,"column":5}},"45":{"start":{"line":148,"column":6},"end":{"line":151,"column":9}},"46":{"start":{"line":154,"column":4},"end":{"line":156,"column":7}},"47":{"start":{"line":158,"column":4},"end":{"line":165,"column":7}},"48":{"start":{"line":167,"column":4},"end":{"line":170,"column":7}},"49":{"start":{"line":172,"column":4},"end":{"line":172,"column":46}},"50":{"start":{"line":173,"column":4},"end":{"line":173,"column":68}},"51":{"start":{"line":178,"column":25},"end":{"line":226,"column":1}},"52":{"start":{"line":179,"column":2},"end":{"line":225,"column":3}},"53":{"start":{"line":180,"column":49},"end":{"line":180,"column":58}},"54":{"start":{"line":182,"column":4},"end":{"line":182,"column":24}},"55":{"start":{"line":183,"column":4},"end":{"line":183,"column":26}},"56":{"start":{"line":185,"column":18},"end":{"line":185,"column":20}},"57":{"start":{"line":188,"column":4},"end":{"line":190,"column":5}},"58":{"start":{"line":189,"column":6},"end":{"line":189,"column":28}},"59":{"start":{"line":192,"column":4},"end":{"line":197,"column":5}},"60":{"start":{"line":193,"column":6},"end":{"line":196,"column":8}},"61":{"start":{"line":199,"column":32},"end":{"line":207,"column":6}},"62":{"start":{"line":209,"column":4},"end":{"line":218,"column":7}},"63":{"start":{"line":220,"column":4},"end":{"line":220,"column":47}},"64":{"start":{"line":221,"column":4},"end":{"line":224,"column":7}},"65":{"start":{"line":229,"column":25},"end":{"line":255,"column":1}},"66":{"start":{"line":230,"column":17},"end":{"line":230,"column":27}},"67":{"start":{"line":232,"column":2},"end":{"line":254,"column":3}},"68":{"start":{"line":233,"column":22},"end":{"line":238,"column":6}},"69":{"start":{"line":240,"column":4},"end":{"line":245,"column":5}},"70":{"start":{"line":241,"column":6},"end":{"line":244,"column":9}},"71":{"start":{"line":247,"column":4},"end":{"line":250,"column":7}},"72":{"start":{"line":252,"column":4},"end":{"line":252,"column":47}},"73":{"start":{"line":253,"column":4},"end":{"line":253,"column":68}},"74":{"start":{"line":257,"column":0},"end":{"line":263,"column":2}}},"fnMap":{"0":{"name":"(anonymous_0)","decl":{"start":{"line":5,"column":21},"end":{"line":5,"column":22}},"loc":{"start":{"line":5,"column":64},"end":{"line":17,"column":1}},"line":5},"1":{"name":"(anonymous_1)","decl":{"start":{"line":20,"column":24},"end":{"line":20,"column":25}},"loc":{"start":{"line":20,"column":44},"end":{"line":76,"column":1}},"line":20},"2":{"name":"(anonymous_2)","decl":{"start":{"line":79,"column":24},"end":{"line":79,"column":25}},"loc":{"start":{"line":79,"column":44},"end":{"line":128,"column":1}},"line":79},"3":{"name":"(anonymous_3)","decl":{"start":{"line":131,"column":24},"end":{"line":131,"column":25}},"loc":{"start":{"line":131,"column":44},"end":{"line":175,"column":1}},"line":131},"4":{"name":"(anonymous_4)","decl":{"start":{"line":178,"column":25},"end":{"line":178,"column":26}},"loc":{"start":{"line":178,"column":45},"end":{"line":226,"column":1}},"line":178},"5":{"name":"(anonymous_5)","decl":{"start":{"line":229,"column":25},"end":{"line":229,"column":26}},"loc":{"start":{"line":229,"column":45},"end":{"line":255,"column":1}},"line":229}},"branchMap":{"0":{"loc":{"start":{"line":5,"column":46},"end":{"line":5,"column":59}},"type":"default-arg","locations":[{"start":{"line":5,"column":53},"end":{"line":5,"column":59}}],"line":5},"1":{"loc":{"start":{"line":29,"column":4},"end":{"line":34,"column":5}},"type":"if","locations":[{"start":{"line":29,"column":4},"end":{"line":34,"column":5}},{"start":{},"end":{}}],"line":29},"2":{"loc":{"start":{"line":66,"column":4},"end":{"line":72,"column":5}},"type":"if","locations":[{"start":{"line":66,"column":4},"end":{"line":72,"column":5}},{"start":{},"end":{}}],"line":66},"3":{"loc":{"start":{"line":89,"column":4},"end":{"line":94,"column":5}},"type":"if","locations":[{"start":{"line":89,"column":4},"end":{"line":94,"column":5}},{"start":{},"end":{}}],"line":89},"4":{"loc":{"start":{"line":99,"column":14},"end":{"line":99,"column":41}},"type":"binary-expr","locations":[{"start":{"line":99,"column":14},"end":{"line":99,"column":23}},{"start":{"line":99,"column":27},"end":{"line":99,"column":41}}],"line":99},"5":{"loc":{"start":{"line":100,"column":16},"end":{"line":100,"column":47}},"type":"binary-expr","locations":[{"start":{"line":100,"column":16},"end":{"line":100,"column":27}},{"start":{"line":100,"column":31},"end":{"line":100,"column":47}}],"line":100},"6":{"loc":{"start":{"line":118,"column":4},"end":{"line":124,"column":5}},"type":"if","locations":[{"start":{"line":118,"column":4},"end":{"line":124,"column":5}},{"start":{},"end":{}}],"line":118},"7":{"loc":{"start":{"line":139,"column":4},"end":{"line":144,"column":5}},"type":"if","locations":[{"start":{"line":139,"column":4},"end":{"line":144,"column":5}},{"start":{},"end":{}}],"line":139},"8":{"loc":{"start":{"line":147,"column":4},"end":{"line":152,"column":5}},"type":"if","locations":[{"start":{"line":147,"column":4},"end":{"line":152,"column":5}},{"start":{},"end":{}}],"line":147},"9":{"loc":{"start":{"line":180,"column":10},"end":{"line":180,"column":18}},"type":"default-arg","locations":[{"start":{"line":180,"column":17},"end":{"line":180,"column":18}}],"line":180},"10":{"loc":{"start":{"line":180,"column":20},"end":{"line":180,"column":30}},"type":"default-arg","locations":[{"start":{"line":180,"column":28},"end":{"line":180,"column":30}}],"line":180},"11":{"loc":{"start":{"line":188,"column":4},"end":{"line":190,"column":5}},"type":"if","locations":[{"start":{"line":188,"column":4},"end":{"line":190,"column":5}},{"start":{},"end":{}}],"line":188},"12":{"loc":{"start":{"line":192,"column":4},"end":{"line":197,"column":5}},"type":"if","locations":[{"start":{"line":192,"column":4},"end":{"line":197,"column":5}},{"start":{},"end":{}}],"line":192},"13":{"loc":{"start":{"line":240,"column":4},"end":{"line":245,"column":5}},"type":"if","locations":[{"start":{"line":240,"column":4},"end":{"line":245,"column":5}},{"start":{},"end":{}}],"line":240}},"s":{"0":2,"1":2,"2":2,"3":2,"4":1,"5":1,"6":0,"7":0,"8":1,"9":2,"10":3,"11":3,"12":2,"13":2,"14":2,"15":1,"16":1,"17":1,"18":1,"19":1,"20":1,"21":1,"22":0,"23":0,"24":2,"25":2,"26":2,"27":2,"28":1,"29":1,"30":0,"31":1,"32":1,"33":1,"34":1,"35":1,"36":0,"37":0,"38":2,"39":2,"40":2,"41":2,"42":2,"43":0,"44":2,"45":1,"46":1,"47":1,"48":1,"49":0,"50":0,"51":2,"52":1,"53":1,"54":1,"55":1,"56":1,"57":1,"58":0,"59":1,"60":0,"61":1,"62":1,"63":0,"64":0,"65":2,"66":0,"67":0,"68":0,"69":0,"70":0,"71":0,"72":0,"73":0,"74":2},"f":{"0":1,"1":3,"2":2,"3":2,"4":1,"5":0},"b":{"0":[0],"1":[1,1],"2":[1,0],"3":[0,1],"4":[1,0],"5":[1,0],"6":[1,0],"7":[0,2],"8":[1,1],"9":[1],"10":[1],"11":[0,1],"12":[0,1],"13":[0,0]},"_coverageSchema":"1a1c01bbd47fc00a2c39e90264f33305004495a9","hash":"06166c65406018f1c14ac273971fdacd5f3083bb"}
,"C:\\Users\\migue\\Videos\\asset_management\\backend\\src\\controllers\\loanController.js": {"path":"C:\\Users\\migue\\Videos\\asset_management\\backend\\src\\controllers\\loanController.js","statementMap":{"0":{"start":{"line":1,"column":15},"end":{"line":1,"column":41}},"1":{"start":{"line":2,"column":31},"end":{"line":2,"column":66}},"2":{"start":{"line":4,"column":21},"end":{"line":16,"column":1}},"3":{"start":{"line":5,"column":2},"end":{"line":15,"column":3}},"4":{"start":{"line":6,"column":19},"end":{"line":9,"column":6}},"5":{"start":{"line":10,"column":4},"end":{"line":12,"column":5}},"6":{"start":{"line":11,"column":6},"end":{"line":11,"column":61}},"7":{"start":{"line":14,"column":4},"end":{"line":14,"column":45}},"8":{"start":{"line":18,"column":20},"end":{"line":54,"column":1}},"9":{"start":{"line":19,"column":2},"end":{"line":53,"column":3}},"10":{"start":{"line":20,"column":18},"end":{"line":20,"column":20}},"11":{"start":{"line":22,"column":4},"end":{"line":24,"column":5}},"12":{"start":{"line":23,"column":6},"end":{"line":23,"column":33}},"13":{"start":{"line":26,"column":18},"end":{"line":41,"column":6}},"14":{"start":{"line":43,"column":4},"end":{"line":46,"column":7}},"15":{"start":{"line":48,"column":4},"end":{"line":48,"column":42}},"16":{"start":{"line":49,"column":4},"end":{"line":52,"column":7}},"17":{"start":{"line":56,"column":19},"end":{"line":135,"column":1}},"18":{"start":{"line":57,"column":68},"end":{"line":57,"column":76}},"19":{"start":{"line":59,"column":2},"end":{"line":134,"column":3}},"20":{"start":{"line":60,"column":19},"end":{"line":115,"column":6}},"21":{"start":{"line":61,"column":24},"end":{"line":63,"column":8}},"22":{"start":{"line":65,"column":6},"end":{"line":67,"column":7}},"23":{"start":{"line":66,"column":8},"end":{"line":66,"column":54}},"24":{"start":{"line":69,"column":6},"end":{"line":71,"column":7}},"25":{"start":{"line":70,"column":8},"end":{"line":70,"column":52}},"26":{"start":{"line":73,"column":6},"end":{"line":81,"column":7}},"27":{"start":{"line":74,"column":25},"end":{"line":76,"column":10}},"28":{"start":{"line":78,"column":8},"end":{"line":80,"column":9}},"29":{"start":{"line":79,"column":10},"end":{"line":79,"column":47}},"30":{"start":{"line":83,"column":19},"end":{"line":98,"column":8}},"31":{"start":{"line":100,"column":6},"end":{"line":103,"column":9}},"32":{"start":{"line":105,"column":6},"end":{"line":112,"column":9}},"33":{"start":{"line":114,"column":6},"end":{"line":114,"column":18}},"34":{"start":{"line":118,"column":4},"end":{"line":122,"column":6}},"35":{"start":{"line":124,"column":4},"end":{"line":127,"column":7}},"36":{"start":{"line":129,"column":4},"end":{"line":129,"column":41}},"37":{"start":{"line":130,"column":4},"end":{"line":133,"column":7}},"38":{"start":{"line":137,"column":19},"end":{"line":197,"column":1}},"39":{"start":{"line":138,"column":21},"end":{"line":138,"column":29}},"40":{"start":{"line":140,"column":2},"end":{"line":196,"column":3}},"41":{"start":{"line":141,"column":4},"end":{"line":171,"column":7}},"42":{"start":{"line":142,"column":19},"end":{"line":144,"column":8}},"43":{"start":{"line":146,"column":6},"end":{"line":148,"column":7}},"44":{"start":{"line":147,"column":8},"end":{"line":147,"column":47}},"45":{"start":{"line":150,"column":6},"end":{"line":156,"column":9}},"46":{"start":{"line":158,"column":6},"end":{"line":165,"column":9}},"47":{"start":{"line":167,"column":6},"end":{"line":170,"column":9}},"48":{"start":{"line":174,"column":21},"end":{"line":177,"column":6}},"49":{"start":{"line":178,"column":4},"end":{"line":184,"column":5}},"50":{"start":{"line":179,"column":6},"end":{"line":183,"column":8}},"51":{"start":{"line":186,"column":4},"end":{"line":189,"column":7}},"52":{"start":{"line":191,"column":4},"end":{"line":191,"column":41}},"53":{"start":{"line":192,"column":4},"end":{"line":195,"column":7}},"54":{"start":{"line":199,"column":19},"end":{"line":245,"column":1}},"55":{"start":{"line":200,"column":17},"end":{"line":200,"column":27}},"56":{"start":{"line":202,"column":2},"end":{"line":244,"column":3}},"57":{"start":{"line":203,"column":17},"end":{"line":205,"column":6}},"58":{"start":{"line":207,"column":4},"end":{"line":212,"column":5}},"59":{"start":{"line":208,"column":6},"end":{"line":211,"column":9}},"60":{"start":{"line":214,"column":4},"end":{"line":219,"column":5}},"61":{"start":{"line":215,"column":6},"end":{"line":218,"column":9}},"62":{"start":{"line":221,"column":4},"end":{"line":223,"column":7}},"63":{"start":{"line":225,"column":4},"end":{"line":232,"column":7}},"64":{"start":{"line":234,"column":4},"end":{"line":237,"column":7}},"65":{"start":{"line":239,"column":4},"end":{"line":239,"column":41}},"66":{"start":{"line":240,"column":4},"end":{"line":243,"column":7}},"67":{"start":{"line":247,"column":0},"end":{"line":247,"column":69}}},"fnMap":{"0":{"name":"(anonymous_0)","decl":{"start":{"line":4,"column":21},"end":{"line":4,"column":22}},"loc":{"start":{"line":4,"column":64},"end":{"line":16,"column":1}},"line":4},"1":{"name":"(anonymous_1)","decl":{"start":{"line":18,"column":20},"end":{"line":18,"column":21}},"loc":{"start":{"line":18,"column":40},"end":{"line":54,"column":1}},"line":18},"2":{"name":"(anonymous_2)","decl":{"start":{"line":56,"column":19},"end":{"line":56,"column":20}},"loc":{"start":{"line":56,"column":39},"end":{"line":135,"column":1}},"line":56},"3":{"name":"(anonymous_3)","decl":{"start":{"line":60,"column":45},"end":{"line":60,"column":46}},"loc":{"start":{"line":60,"column":59},"end":{"line":115,"column":5}},"line":60},"4":{"name":"(anonymous_4)","decl":{"start":{"line":137,"column":19},"end":{"line":137,"column":20}},"loc":{"start":{"line":137,"column":39},"end":{"line":197,"column":1}},"line":137},"5":{"name":"(anonymous_5)","decl":{"start":{"line":141,"column":30},"end":{"line":141,"column":31}},"loc":{"start":{"line":141,"column":44},"end":{"line":171,"column":5}},"line":141},"6":{"name":"(anonymous_6)","decl":{"start":{"line":199,"column":19},"end":{"line":199,"column":20}},"loc":{"start":{"line":199,"column":39},"end":{"line":245,"column":1}},"line":199}},"branchMap":{"0":{"loc":{"start":{"line":4,"column":46},"end":{"line":4,"column":59}},"type":"default-arg","locations":[{"start":{"line":4,"column":53},"end":{"line":4,"column":59}}],"line":4},"1":{"loc":{"start":{"line":22,"column":4},"end":{"line":24,"column":5}},"type":"if","locations":[{"start":{"line":22,"column":4},"end":{"line":24,"column":5}},{"start":{},"end":{}}],"line":22},"2":{"loc":{"start":{"line":65,"column":6},"end":{"line":67,"column":7}},"type":"if","locations":[{"start":{"line":65,"column":6},"end":{"line":67,"column":7}},{"start":{},"end":{}}],"line":65},"3":{"loc":{"start":{"line":69,"column":6},"end":{"line":71,"column":7}},"type":"if","locations":[{"start":{"line":69,"column":6},"end":{"line":71,"column":7}},{"start":{},"end":{}}],"line":69},"4":{"loc":{"start":{"line":73,"column":6},"end":{"line":81,"column":7}},"type":"if","locations":[{"start":{"line":73,"column":6},"end":{"line":81,"column":7}},{"start":{},"end":{}}],"line":73},"5":{"loc":{"start":{"line":78,"column":8},"end":{"line":80,"column":9}},"type":"if","locations":[{"start":{"line":78,"column":8},"end":{"line":80,"column":9}},{"start":{},"end":{}}],"line":78},"6":{"loc":{"start":{"line":78,"column":12},"end":{"line":78,"column":55}},"type":"binary-expr","locations":[{"start":{"line":78,"column":12},"end":{"line":78,"column":21}},{"start":{"line":78,"column":25},"end":{"line":78,"column":55}}],"line":78},"7":{"loc":{"start":{"line":91,"column":22},"end":{"line":91,"column":60}},"type":"cond-expr","locations":[{"start":{"line":91,"column":35},"end":{"line":91,"column":53}},{"start":{"line":91,"column":56},"end":{"line":91,"column":60}}],"line":91},"8":{"loc":{"start":{"line":146,"column":6},"end":{"line":148,"column":7}},"type":"if","locations":[{"start":{"line":146,"column":6},"end":{"line":148,"column":7}},{"start":{},"end":{}}],"line":146},"9":{"loc":{"start":{"line":146,"column":10},"end":{"line":146,"column":42}},"type":"binary-expr","locations":[{"start":{"line":146,"column":10},"end":{"line":146,"column":15}},{"start":{"line":146,"column":19},"end":{"line":146,"column":42}}],"line":146},"10":{"loc":{"start":{"line":178,"column":4},"end":{"line":184,"column":5}},"type":"if","locations":[{"start":{"line":178,"column":4},"end":{"line":184,"column":5}},{"start":{},"end":{}}],"line":178},"11":{"loc":{"start":{"line":207,"column":4},"end":{"line":212,"column":5}},"type":"if","locations":[{"start":{"line":207,"column":4},"end":{"line":212,"column":5}},{"start":{},"end":{}}],"line":207},"12":{"loc":{"start":{"line":214,"column":4},"end":{"line":219,"column":5}},"type":"if","locations":[{"start":{"line":214,"column":4},"end":{"line":219,"column":5}},{"start":{},"end":{}}],"line":214}},"s":{"0":2,"1":2,"2":2,"3":0,"4":0,"5":0,"6":0,"7":0,"8":2,"9":0,"10":0,"11":0,"12":0,"13":0,"14":0,"15":0,"16":0,"17":2,"18":0,"19":0,"20":0,"21":0,"22":0,"23":0,"24":0,"25":0,"26":0,"27":0,"28":0,"29":0,"30":0,"31":0,"32":0,"33":0,"34":0,"35":0,"36":0,"37":0,"38":2,"39":0,"40":0,"41":0,"42":0,"43":0,"44":0,"45":0,"46":0,"47":0,"48":0,"49":0,"50":0,"51":0,"52":0,"53":0,"54":2,"55":0,"56":0,"57":0,"58":0,"59":0,"60":0,"61":0,"62":0,"63":0,"64":0,"65":0,"66":0,"67":2},"f":{"0":0,"1":0,"2":0,"3":0,"4":0,"5":0,"6":0},"b":{"0":[0],"1":[0,0],"2":[0,0],"3":[0,0],"4":[0,0],"5":[0,0],"6":[0,0],"7":[0,0],"8":[0,0],"9":[0,0],"10":[0,0],"11":[0,0],"12":[0,0]},"_coverageSchema":"1a1c01bbd47fc00a2c39e90264f33305004495a9","hash":"b3d31fa47c37257183358f20b8c2d1d60a5896d4"}
,"C:\\Users\\migue\\Videos\\asset_management\\backend\\src\\controllers\\maintenanceController.js": {"path":"C:\\Users\\migue\\Videos\\asset_management\\backend\\src\\controllers\\maintenanceController.js","statementMap":{"0":{"start":{"line":1,"column":15},"end":{"line":1,"column":41}},"1":{"start":{"line":2,"column":31},"end":{"line":2,"column":66}},"2":{"start":{"line":5,"column":21},"end":{"line":17,"column":1}},"3":{"start":{"line":6,"column":2},"end":{"line":16,"column":3}},"4":{"start":{"line":7,"column":19},"end":{"line":10,"column":6}},"5":{"start":{"line":11,"column":4},"end":{"line":13,"column":5}},"6":{"start":{"line":12,"column":6},"end":{"line":12,"column":61}},"7":{"start":{"line":15,"column":4},"end":{"line":15,"column":45}},"8":{"start":{"line":19,"column":25},"end":{"line":86,"column":1}},"9":{"start":{"line":20,"column":43},"end":{"line":20,"column":51}},"10":{"start":{"line":22,"column":2},"end":{"line":85,"column":3}},"11":{"start":{"line":23,"column":19},"end":{"line":66,"column":6}},"12":{"start":{"line":24,"column":24},"end":{"line":26,"column":8}},"13":{"start":{"line":28,"column":6},"end":{"line":30,"column":7}},"14":{"start":{"line":29,"column":8},"end":{"line":29,"column":54}},"15":{"start":{"line":32,"column":6},"end":{"line":34,"column":7}},"16":{"start":{"line":33,"column":8},"end":{"line":33,"column":51}},"17":{"start":{"line":36,"column":6},"end":{"line":38,"column":7}},"18":{"start":{"line":37,"column":8},"end":{"line":37,"column":49}},"19":{"start":{"line":40,"column":26},"end":{"line":49,"column":8}},"20":{"start":{"line":51,"column":6},"end":{"line":54,"column":9}},"21":{"start":{"line":56,"column":6},"end":{"line":63,"column":9}},"22":{"start":{"line":65,"column":6},"end":{"line":65,"column":40}},"23":{"start":{"line":69,"column":4},"end":{"line":73,"column":6}},"24":{"start":{"line":75,"column":4},"end":{"line":78,"column":7}},"25":{"start":{"line":80,"column":4},"end":{"line":80,"column":47}},"26":{"start":{"line":81,"column":4},"end":{"line":84,"column":7}},"27":{"start":{"line":88,"column":26},"end":{"line":162,"column":1}},"28":{"start":{"line":89,"column":17},"end":{"line":89,"column":27}},"29":{"start":{"line":91,"column":2},"end":{"line":161,"column":3}},"30":{"start":{"line":92,"column":19},"end":{"line":135,"column":6}},"31":{"start":{"line":93,"column":26},"end":{"line":96,"column":8}},"32":{"start":{"line":98,"column":6},"end":{"line":100,"column":7}},"33":{"start":{"line":99,"column":8},"end":{"line":99,"column":47}},"34":{"start":{"line":102,"column":6},"end":{"line":108,"column":9}},"35":{"start":{"line":110,"column":6},"end":{"line":113,"column":9}},"36":{"start":{"line":115,"column":6},"end":{"line":123,"column":9}},"37":{"start":{"line":125,"column":6},"end":{"line":132,"column":9}},"38":{"start":{"line":134,"column":6},"end":{"line":134,"column":25}},"39":{"start":{"line":138,"column":4},"end":{"line":142,"column":6}},"40":{"start":{"line":144,"column":4},"end":{"line":149,"column":6}},"41":{"start":{"line":151,"column":4},"end":{"line":154,"column":7}},"42":{"start":{"line":156,"column":4},"end":{"line":156,"column":48}},"43":{"start":{"line":157,"column":4},"end":{"line":160,"column":7}},"44":{"start":{"line":164,"column":27},"end":{"line":185,"column":1}},"45":{"start":{"line":165,"column":2},"end":{"line":184,"column":3}},"46":{"start":{"line":166,"column":25},"end":{"line":172,"column":6}},"47":{"start":{"line":174,"column":4},"end":{"line":177,"column":7}},"48":{"start":{"line":179,"column":4},"end":{"line":179,"column":49}},"49":{"start":{"line":180,"column":4},"end":{"line":183,"column":7}},"50":{"start":{"line":187,"column":27},"end":{"line":217,"column":1}},"51":{"start":{"line":188,"column":17},"end":{"line":188,"column":27}},"52":{"start":{"line":190,"column":2},"end":{"line":216,"column":3}},"53":{"start":{"line":191,"column":24},"end":{"line":197,"column":6}},"54":{"start":{"line":199,"column":4},"end":{"line":204,"column":5}},"55":{"start":{"line":200,"column":6},"end":{"line":203,"column":9}},"56":{"start":{"line":206,"column":4},"end":{"line":209,"column":7}},"57":{"start":{"line":211,"column":4},"end":{"line":211,"column":49}},"58":{"start":{"line":212,"column":4},"end":{"line":215,"column":7}},"59":{"start":{"line":219,"column":26},"end":{"line":276,"column":1}},"60":{"start":{"line":220,"column":17},"end":{"line":220,"column":27}},"61":{"start":{"line":222,"column":2},"end":{"line":275,"column":3}},"62":{"start":{"line":223,"column":19},"end":{"line":256,"column":6}},"63":{"start":{"line":224,"column":26},"end":{"line":227,"column":8}},"64":{"start":{"line":229,"column":6},"end":{"line":231,"column":7}},"65":{"start":{"line":230,"column":8},"end":{"line":230,"column":45}},"66":{"start":{"line":233,"column":6},"end":{"line":239,"column":9}},"67":{"start":{"line":241,"column":6},"end":{"line":244,"column":9}},"68":{"start":{"line":246,"column":6},"end":{"line":253,"column":9}},"69":{"start":{"line":255,"column":6},"end":{"line":255,"column":25}},"70":{"start":{"line":259,"column":4},"end":{"line":263,"column":6}},"71":{"start":{"line":265,"column":4},"end":{"line":268,"column":7}},"72":{"start":{"line":270,"column":4},"end":{"line":270,"column":48}},"73":{"start":{"line":271,"column":4},"end":{"line":274,"column":7}},"74":{"start":{"line":278,"column":0},"end":{"line":284,"column":2}}},"fnMap":{"0":{"name":"(anonymous_0)","decl":{"start":{"line":5,"column":21},"end":{"line":5,"column":22}},"loc":{"start":{"line":5,"column":64},"end":{"line":17,"column":1}},"line":5},"1":{"name":"(anonymous_1)","decl":{"start":{"line":19,"column":25},"end":{"line":19,"column":26}},"loc":{"start":{"line":19,"column":45},"end":{"line":86,"column":1}},"line":19},"2":{"name":"(anonymous_2)","decl":{"start":{"line":23,"column":45},"end":{"line":23,"column":46}},"loc":{"start":{"line":23,"column":59},"end":{"line":66,"column":5}},"line":23},"3":{"name":"(anonymous_3)","decl":{"start":{"line":88,"column":26},"end":{"line":88,"column":27}},"loc":{"start":{"line":88,"column":46},"end":{"line":162,"column":1}},"line":88},"4":{"name":"(anonymous_4)","decl":{"start":{"line":92,"column":45},"end":{"line":92,"column":46}},"loc":{"start":{"line":92,"column":59},"end":{"line":135,"column":5}},"line":92},"5":{"name":"(anonymous_5)","decl":{"start":{"line":164,"column":27},"end":{"line":164,"column":28}},"loc":{"start":{"line":164,"column":47},"end":{"line":185,"column":1}},"line":164},"6":{"name":"(anonymous_6)","decl":{"start":{"line":187,"column":27},"end":{"line":187,"column":28}},"loc":{"start":{"line":187,"column":47},"end":{"line":217,"column":1}},"line":187},"7":{"name":"(anonymous_7)","decl":{"start":{"line":219,"column":26},"end":{"line":219,"column":27}},"loc":{"start":{"line":219,"column":46},"end":{"line":276,"column":1}},"line":219},"8":{"name":"(anonymous_8)","decl":{"start":{"line":223,"column":45},"end":{"line":223,"column":46}},"loc":{"start":{"line":223,"column":59},"end":{"line":256,"column":5}},"line":223}},"branchMap":{"0":{"loc":{"start":{"line":5,"column":46},"end":{"line":5,"column":59}},"type":"default-arg","locations":[{"start":{"line":5,"column":53},"end":{"line":5,"column":59}}],"line":5},"1":{"loc":{"start":{"line":28,"column":6},"end":{"line":30,"column":7}},"type":"if","locations":[{"start":{"line":28,"column":6},"end":{"line":30,"column":7}},{"start":{},"end":{}}],"line":28},"2":{"loc":{"start":{"line":32,"column":6},"end":{"line":34,"column":7}},"type":"if","locations":[{"start":{"line":32,"column":6},"end":{"line":34,"column":7}},{"start":{},"end":{}}],"line":32},"3":{"loc":{"start":{"line":36,"column":6},"end":{"line":38,"column":7}},"type":"if","locations":[{"start":{"line":36,"column":6},"end":{"line":38,"column":7}},{"start":{},"end":{}}],"line":36},"4":{"loc":{"start":{"line":98,"column":6},"end":{"line":100,"column":7}},"type":"if","locations":[{"start":{"line":98,"column":6},"end":{"line":100,"column":7}},{"start":{},"end":{}}],"line":98},"5":{"loc":{"start":{"line":98,"column":10},"end":{"line":98,"column":63}},"type":"binary-expr","locations":[{"start":{"line":98,"column":10},"end":{"line":98,"column":22}},{"start":{"line":98,"column":26},"end":{"line":98,"column":63}}],"line":98},"6":{"loc":{"start":{"line":199,"column":4},"end":{"line":204,"column":5}},"type":"if","locations":[{"start":{"line":199,"column":4},"end":{"line":204,"column":5}},{"start":{},"end":{}}],"line":199},"7":{"loc":{"start":{"line":229,"column":6},"end":{"line":231,"column":7}},"type":"if","locations":[{"start":{"line":229,"column":6},"end":{"line":231,"column":7}},{"start":{},"end":{}}],"line":229},"8":{"loc":{"start":{"line":229,"column":10},"end":{"line":229,"column":63}},"type":"binary-expr","locations":[{"start":{"line":229,"column":10},"end":{"line":229,"column":22}},{"start":{"line":229,"column":26},"end":{"line":229,"column":63}}],"line":229}},"s":{"0":2,"1":2,"2":2,"3":0,"4":0,"5":0,"6":0,"7":0,"8":2,"9":0,"10":0,"11":0,"12":0,"13":0,"14":0,"15":0,"16":0,"17":0,"18":0,"19":0,"20":0,"21":0,"22":0,"23":0,"24":0,"25":0,"26":0,"27":2,"28":0,"29":0,"30":0,"31":0,"32":0,"33":0,"34":0,"35":0,"36":0,"37":0,"38":0,"39":0,"40":0,"41":0,"42":0,"43":0,"44":2,"45":0,"46":0,"47":0,"48":0,"49":0,"50":2,"51":0,"52":0,"53":0,"54":0,"55":0,"56":0,"57":0,"58":0,"59":2,"60":0,"61":0,"62":0,"63":0,"64":0,"65":0,"66":0,"67":0,"68":0,"69":0,"70":0,"71":0,"72":0,"73":0,"74":2},"f":{"0":0,"1":0,"2":0,"3":0,"4":0,"5":0,"6":0,"7":0,"8":0},"b":{"0":[0],"1":[0,0],"2":[0,0],"3":[0,0],"4":[0,0],"5":[0,0],"6":[0,0],"7":[0,0],"8":[0,0]},"_coverageSchema":"1a1c01bbd47fc00a2c39e90264f33305004495a9","hash":"ba7b8663bdc7bb7ce13b9cd356b01d0341837352"}
,"C:\\Users\\migue\\Videos\\asset_management\\backend\\src\\controllers\\notificationController.js": {"path":"C:\\Users\\migue\\Videos\\asset_management\\backend\\src\\controllers\\notificationController.js","statementMap":{"0":{"start":{"line":1,"column":15},"end":{"line":1,"column":41}},"1":{"start":{"line":4,"column":27},"end":{"line":19,"column":1}},"2":{"start":{"line":5,"column":2},"end":{"line":18,"column":3}},"3":{"start":{"line":6,"column":25},"end":{"line":13,"column":6}},"4":{"start":{"line":14,"column":4},"end":{"line":14,"column":24}},"5":{"start":{"line":16,"column":4},"end":{"line":16,"column":49}},"6":{"start":{"line":17,"column":4},"end":{"line":17,"column":16}},"7":{"start":{"line":22,"column":27},"end":{"line":70,"column":1}},"8":{"start":{"line":23,"column":2},"end":{"line":69,"column":3}},"9":{"start":{"line":24,"column":59},"end":{"line":24,"column":68}},"10":{"start":{"line":26,"column":4},"end":{"line":26,"column":24}},"11":{"start":{"line":27,"column":4},"end":{"line":27,"column":26}},"12":{"start":{"line":29,"column":18},"end":{"line":31,"column":5}},"13":{"start":{"line":33,"column":4},"end":{"line":35,"column":5}},"14":{"start":{"line":34,"column":6},"end":{"line":34,"column":25}},"15":{"start":{"line":37,"column":35},"end":{"line":45,"column":6}},"16":{"start":{"line":48,"column":21},"end":{"line":53,"column":6}},"17":{"start":{"line":55,"column":4},"end":{"line":65,"column":7}},"18":{"start":{"line":67,"column":4},"end":{"line":67,"column":49}},"19":{"start":{"line":68,"column":4},"end":{"line":68,"column":68}},"20":{"start":{"line":73,"column":19},"end":{"line":109,"column":1}},"21":{"start":{"line":74,"column":17},"end":{"line":74,"column":27}},"22":{"start":{"line":76,"column":2},"end":{"line":108,"column":3}},"23":{"start":{"line":77,"column":25},"end":{"line":79,"column":6}},"24":{"start":{"line":81,"column":4},"end":{"line":86,"column":5}},"25":{"start":{"line":82,"column":6},"end":{"line":85,"column":9}},"26":{"start":{"line":89,"column":4},"end":{"line":94,"column":5}},"27":{"start":{"line":90,"column":6},"end":{"line":93,"column":9}},"28":{"start":{"line":96,"column":20},"end":{"line":99,"column":6}},"29":{"start":{"line":101,"column":4},"end":{"line":104,"column":7}},"30":{"start":{"line":106,"column":4},"end":{"line":106,"column":41}},"31":{"start":{"line":107,"column":4},"end":{"line":107,"column":68}},"32":{"start":{"line":112,"column":22},"end":{"line":130,"column":1}},"33":{"start":{"line":113,"column":2},"end":{"line":129,"column":3}},"34":{"start":{"line":114,"column":4},"end":{"line":120,"column":7}},"35":{"start":{"line":122,"column":4},"end":{"line":125,"column":7}},"36":{"start":{"line":127,"column":4},"end":{"line":127,"column":44}},"37":{"start":{"line":128,"column":4},"end":{"line":128,"column":68}},"38":{"start":{"line":133,"column":27},"end":{"line":167,"column":1}},"39":{"start":{"line":134,"column":17},"end":{"line":134,"column":27}},"40":{"start":{"line":136,"column":2},"end":{"line":166,"column":3}},"41":{"start":{"line":137,"column":25},"end":{"line":139,"column":6}},"42":{"start":{"line":141,"column":4},"end":{"line":146,"column":5}},"43":{"start":{"line":142,"column":6},"end":{"line":145,"column":9}},"44":{"start":{"line":148,"column":4},"end":{"line":153,"column":5}},"45":{"start":{"line":149,"column":6},"end":{"line":152,"column":9}},"46":{"start":{"line":155,"column":4},"end":{"line":157,"column":7}},"47":{"start":{"line":159,"column":4},"end":{"line":162,"column":7}},"48":{"start":{"line":164,"column":4},"end":{"line":164,"column":49}},"49":{"start":{"line":165,"column":4},"end":{"line":165,"column":68}},"50":{"start":{"line":169,"column":0},"end":{"line":175,"column":2}}},"fnMap":{"0":{"name":"(anonymous_0)","decl":{"start":{"line":4,"column":27},"end":{"line":4,"column":28}},"loc":{"start":{"line":4,"column":78},"end":{"line":19,"column":1}},"line":4},"1":{"name":"(anonymous_1)","decl":{"start":{"line":22,"column":27},"end":{"line":22,"column":28}},"loc":{"start":{"line":22,"column":47},"end":{"line":70,"column":1}},"line":22},"2":{"name":"(anonymous_2)","decl":{"start":{"line":73,"column":19},"end":{"line":73,"column":20}},"loc":{"start":{"line":73,"column":39},"end":{"line":109,"column":1}},"line":73},"3":{"name":"(anonymous_3)","decl":{"start":{"line":112,"column":22},"end":{"line":112,"column":23}},"loc":{"start":{"line":112,"column":42},"end":{"line":130,"column":1}},"line":112},"4":{"name":"(anonymous_4)","decl":{"start":{"line":133,"column":27},"end":{"line":133,"column":28}},"loc":{"start":{"line":133,"column":47},"end":{"line":167,"column":1}},"line":133}},"branchMap":{"0":{"loc":{"start":{"line":4,"column":60},"end":{"line":4,"column":73}},"type":"default-arg","locations":[{"start":{"line":4,"column":67},"end":{"line":4,"column":73}}],"line":4},"1":{"loc":{"start":{"line":24,"column":10},"end":{"line":24,"column":18}},"type":"default-arg","locations":[{"start":{"line":24,"column":17},"end":{"line":24,"column":18}}],"line":24},"2":{"loc":{"start":{"line":24,"column":20},"end":{"line":24,"column":30}},"type":"default-arg","locations":[{"start":{"line":24,"column":28},"end":{"line":24,"column":30}}],"line":24},"3":{"loc":{"start":{"line":24,"column":32},"end":{"line":24,"column":54}},"type":"default-arg","locations":[{"start":{"line":24,"column":49},"end":{"line":24,"column":54}}],"line":24},"4":{"loc":{"start":{"line":33,"column":4},"end":{"line":35,"column":5}},"type":"if","locations":[{"start":{"line":33,"column":4},"end":{"line":35,"column":5}},{"start":{},"end":{}}],"line":33},"5":{"loc":{"start":{"line":33,"column":8},"end":{"line":33,"column":60}},"type":"binary-expr","locations":[{"start":{"line":33,"column":8},"end":{"line":33,"column":33}},{"start":{"line":33,"column":37},"end":{"line":33,"column":60}}],"line":33},"6":{"loc":{"start":{"line":81,"column":4},"end":{"line":86,"column":5}},"type":"if","locations":[{"start":{"line":81,"column":4},"end":{"line":86,"column":5}},{"start":{},"end":{}}],"line":81},"7":{"loc":{"start":{"line":89,"column":4},"end":{"line":94,"column":5}},"type":"if","locations":[{"start":{"line":89,"column":4},"end":{"line":94,"column":5}},{"start":{},"end":{}}],"line":89},"8":{"loc":{"start":{"line":141,"column":4},"end":{"line":146,"column":5}},"type":"if","locations":[{"start":{"line":141,"column":4},"end":{"line":146,"column":5}},{"start":{},"end":{}}],"line":141},"9":{"loc":{"start":{"line":148,"column":4},"end":{"line":153,"column":5}},"type":"if","locations":[{"start":{"line":148,"column":4},"end":{"line":153,"column":5}},{"start":{},"end":{}}],"line":148}},"s":{"0":2,"1":2,"2":0,"3":0,"4":0,"5":0,"6":0,"7":2,"8":0,"9":0,"10":0,"11":0,"12":0,"13":0,"14":0,"15":0,"16":0,"17":0,"18":0,"19":0,"20":2,"21":0,"22":0,"23":0,"24":0,"25":0,"26":0,"27":0,"28":0,"29":0,"30":0,"31":0,"32":2,"33":0,"34":0,"35":0,"36":0,"37":0,"38":2,"39":0,"40":0,"41":0,"42":0,"43":0,"44":0,"45":0,"46":0,"47":0,"48":0,"49":0,"50":2},"f":{"0":0,"1":0,"2":0,"3":0,"4":0},"b":{"0":[0],"1":[0],"2":[0],"3":[0],"4":[0,0],"5":[0,0],"6":[0,0],"7":[0,0],"8":[0,0],"9":[0,0]},"_coverageSchema":"1a1c01bbd47fc00a2c39e90264f33305004495a9","hash":"97d28cb3378f3386f69f88783921bd46fa93a559"}
,"C:\\Users\\migue\\Videos\\asset_management\\backend\\src\\controllers\\scheduleController.js": {"path":"C:\\Users\\migue\\Videos\\asset_management\\backend\\src\\controllers\\scheduleController.js","statementMap":{"0":{"start":{"line":1,"column":15},"end":{"line":1,"column":41}},"1":{"start":{"line":2,"column":22},"end":{"line":2,"column":48}},"2":{"start":{"line":3,"column":31},"end":{"line":3,"column":66}},"3":{"start":{"line":6,"column":21},"end":{"line":18,"column":1}},"4":{"start":{"line":7,"column":2},"end":{"line":17,"column":3}},"5":{"start":{"line":8,"column":19},"end":{"line":11,"column":6}},"6":{"start":{"line":12,"column":4},"end":{"line":14,"column":5}},"7":{"start":{"line":13,"column":6},"end":{"line":13,"column":61}},"8":{"start":{"line":16,"column":4},"end":{"line":16,"column":45}},"9":{"start":{"line":20,"column":20},"end":{"line":32,"column":1}},"10":{"start":{"line":21,"column":2},"end":{"line":31,"column":5}},"11":{"start":{"line":34,"column":23},"end":{"line":114,"column":1}},"12":{"start":{"line":35,"column":2},"end":{"line":113,"column":3}},"13":{"start":{"line":36,"column":65},"end":{"line":36,"column":73}},"14":{"start":{"line":38,"column":4},"end":{"line":43,"column":5}},"15":{"start":{"line":39,"column":6},"end":{"line":42,"column":9}},"16":{"start":{"line":45,"column":4},"end":{"line":50,"column":5}},"17":{"start":{"line":46,"column":6},"end":{"line":49,"column":9}},"18":{"start":{"line":52,"column":22},"end":{"line":54,"column":6}},"19":{"start":{"line":56,"column":4},"end":{"line":61,"column":5}},"20":{"start":{"line":57,"column":6},"end":{"line":60,"column":9}},"21":{"start":{"line":63,"column":21},"end":{"line":67,"column":6}},"22":{"start":{"line":69,"column":4},"end":{"line":74,"column":5}},"23":{"start":{"line":70,"column":6},"end":{"line":73,"column":9}},"24":{"start":{"line":76,"column":21},"end":{"line":90,"column":6}},"25":{"start":{"line":92,"column":4},"end":{"line":97,"column":7}},"26":{"start":{"line":100,"column":4},"end":{"line":104,"column":6}},"27":{"start":{"line":106,"column":4},"end":{"line":109,"column":7}},"28":{"start":{"line":111,"column":4},"end":{"line":111,"column":45}},"29":{"start":{"line":112,"column":4},"end":{"line":112,"column":68}},"30":{"start":{"line":116,"column":24},"end":{"line":149,"column":1}},"31":{"start":{"line":117,"column":2},"end":{"line":148,"column":3}},"32":{"start":{"line":118,"column":18},"end":{"line":118,"column":20}},"33":{"start":{"line":120,"column":4},"end":{"line":122,"column":5}},"34":{"start":{"line":121,"column":6},"end":{"line":121,"column":33}},"35":{"start":{"line":124,"column":22},"end":{"line":139,"column":6}},"36":{"start":{"line":141,"column":4},"end":{"line":144,"column":7}},"37":{"start":{"line":146,"column":4},"end":{"line":146,"column":46}},"38":{"start":{"line":147,"column":4},"end":{"line":147,"column":68}},"39":{"start":{"line":151,"column":24},"end":{"line":242,"column":1}},"40":{"start":{"line":152,"column":17},"end":{"line":152,"column":27}},"41":{"start":{"line":154,"column":2},"end":{"line":241,"column":3}},"42":{"start":{"line":155,"column":19},"end":{"line":221,"column":6}},"43":{"start":{"line":156,"column":23},"end":{"line":158,"column":8}},"44":{"start":{"line":160,"column":6},"end":{"line":162,"column":7}},"45":{"start":{"line":161,"column":8},"end":{"line":161,"column":48}},"46":{"start":{"line":164,"column":24},"end":{"line":166,"column":8}},"47":{"start":{"line":168,"column":6},"end":{"line":170,"column":7}},"48":{"start":{"line":169,"column":8},"end":{"line":169,"column":52}},"49":{"start":{"line":172,"column":23},"end":{"line":178,"column":8}},"50":{"start":{"line":180,"column":6},"end":{"line":182,"column":7}},"51":{"start":{"line":181,"column":8},"end":{"line":181,"column":65}},"52":{"start":{"line":184,"column":22},"end":{"line":192,"column":8}},"53":{"start":{"line":194,"column":6},"end":{"line":204,"column":9}},"54":{"start":{"line":206,"column":6},"end":{"line":209,"column":9}},"55":{"start":{"line":211,"column":6},"end":{"line":218,"column":9}},"56":{"start":{"line":220,"column":6},"end":{"line":220,"column":21}},"57":{"start":{"line":224,"column":4},"end":{"line":229,"column":6}},"58":{"start":{"line":231,"column":4},"end":{"line":234,"column":7}},"59":{"start":{"line":236,"column":4},"end":{"line":236,"column":46}},"60":{"start":{"line":237,"column":4},"end":{"line":240,"column":7}},"61":{"start":{"line":244,"column":23},"end":{"line":325,"column":1}},"62":{"start":{"line":245,"column":17},"end":{"line":245,"column":27}},"63":{"start":{"line":247,"column":2},"end":{"line":324,"column":3}},"64":{"start":{"line":248,"column":19},"end":{"line":304,"column":6}},"65":{"start":{"line":249,"column":23},"end":{"line":251,"column":8}},"66":{"start":{"line":253,"column":6},"end":{"line":255,"column":7}},"67":{"start":{"line":254,"column":8},"end":{"line":254,"column":54}},"68":{"start":{"line":257,"column":22},"end":{"line":257,"column":53}},"69":{"start":{"line":258,"column":22},"end":{"line":258,"column":49}},"70":{"start":{"line":260,"column":6},"end":{"line":262,"column":7}},"71":{"start":{"line":261,"column":8},"end":{"line":261,"column":41}},"72":{"start":{"line":265,"column":6},"end":{"line":267,"column":7}},"73":{"start":{"line":266,"column":8},"end":{"line":266,"column":72}},"74":{"start":{"line":269,"column":6},"end":{"line":271,"column":7}},"75":{"start":{"line":270,"column":8},"end":{"line":270,"column":62}},"76":{"start":{"line":273,"column":22},"end":{"line":281,"column":8}},"77":{"start":{"line":283,"column":6},"end":{"line":292,"column":7}},"78":{"start":{"line":284,"column":8},"end":{"line":286,"column":11}},"79":{"start":{"line":288,"column":8},"end":{"line":291,"column":11}},"80":{"start":{"line":294,"column":6},"end":{"line":301,"column":9}},"81":{"start":{"line":303,"column":6},"end":{"line":303,"column":21}},"82":{"start":{"line":307,"column":4},"end":{"line":312,"column":6}},"83":{"start":{"line":314,"column":4},"end":{"line":317,"column":7}},"84":{"start":{"line":319,"column":4},"end":{"line":319,"column":45}},"85":{"start":{"line":320,"column":4},"end":{"line":323,"column":7}},"86":{"start":{"line":327,"column":25},"end":{"line":393,"column":1}},"87":{"start":{"line":328,"column":17},"end":{"line":328,"column":27}},"88":{"start":{"line":330,"column":2},"end":{"line":392,"column":3}},"89":{"start":{"line":331,"column":19},"end":{"line":380,"column":6}},"90":{"start":{"line":332,"column":23},"end":{"line":334,"column":8}},"91":{"start":{"line":336,"column":6},"end":{"line":338,"column":7}},"92":{"start":{"line":337,"column":8},"end":{"line":337,"column":48}},"93":{"start":{"line":340,"column":6},"end":{"line":342,"column":7}},"94":{"start":{"line":341,"column":8},"end":{"line":341,"column":63}},"95":{"start":{"line":344,"column":22},"end":{"line":352,"column":8}},"96":{"start":{"line":354,"column":6},"end":{"line":363,"column":9}},"97":{"start":{"line":365,"column":6},"end":{"line":368,"column":9}},"98":{"start":{"line":370,"column":6},"end":{"line":377,"column":9}},"99":{"start":{"line":379,"column":6},"end":{"line":379,"column":21}},"100":{"start":{"line":382,"column":4},"end":{"line":385,"column":7}},"101":{"start":{"line":387,"column":4},"end":{"line":387,"column":47}},"102":{"start":{"line":388,"column":4},"end":{"line":391,"column":7}},"103":{"start":{"line":395,"column":0},"end":{"line":401,"column":2}}},"fnMap":{"0":{"name":"(anonymous_0)","decl":{"start":{"line":6,"column":21},"end":{"line":6,"column":22}},"loc":{"start":{"line":6,"column":64},"end":{"line":18,"column":1}},"line":6},"1":{"name":"(anonymous_1)","decl":{"start":{"line":20,"column":20},"end":{"line":20,"column":21}},"loc":{"start":{"line":20,"column":92},"end":{"line":32,"column":1}},"line":20},"2":{"name":"(anonymous_2)","decl":{"start":{"line":34,"column":23},"end":{"line":34,"column":24}},"loc":{"start":{"line":34,"column":43},"end":{"line":114,"column":1}},"line":34},"3":{"name":"(anonymous_3)","decl":{"start":{"line":116,"column":24},"end":{"line":116,"column":25}},"loc":{"start":{"line":116,"column":44},"end":{"line":149,"column":1}},"line":116},"4":{"name":"(anonymous_4)","decl":{"start":{"line":151,"column":24},"end":{"line":151,"column":25}},"loc":{"start":{"line":151,"column":44},"end":{"line":242,"column":1}},"line":151},"5":{"name":"(anonymous_5)","decl":{"start":{"line":155,"column":45},"end":{"line":155,"column":46}},"loc":{"start":{"line":155,"column":59},"end":{"line":221,"column":5}},"line":155},"6":{"name":"(anonymous_6)","decl":{"start":{"line":244,"column":23},"end":{"line":244,"column":24}},"loc":{"start":{"line":244,"column":43},"end":{"line":325,"column":1}},"line":244},"7":{"name":"(anonymous_7)","decl":{"start":{"line":248,"column":45},"end":{"line":248,"column":46}},"loc":{"start":{"line":248,"column":59},"end":{"line":304,"column":5}},"line":248},"8":{"name":"(anonymous_8)","decl":{"start":{"line":327,"column":25},"end":{"line":327,"column":26}},"loc":{"start":{"line":327,"column":45},"end":{"line":393,"column":1}},"line":327},"9":{"name":"(anonymous_9)","decl":{"start":{"line":331,"column":45},"end":{"line":331,"column":46}},"loc":{"start":{"line":331,"column":59},"end":{"line":380,"column":5}},"line":331}},"branchMap":{"0":{"loc":{"start":{"line":6,"column":46},"end":{"line":6,"column":59}},"type":"default-arg","locations":[{"start":{"line":6,"column":53},"end":{"line":6,"column":59}}],"line":6},"1":{"loc":{"start":{"line":20,"column":74},"end":{"line":20,"column":85}},"type":"default-arg","locations":[{"start":{"line":20,"column":79},"end":{"line":20,"column":85}}],"line":20},"2":{"loc":{"start":{"line":25,"column":10},"end":{"line":25,"column":53}},"type":"cond-expr","locations":[{"start":{"line":25,"column":22},"end":{"line":25,"column":48}},{"start":{"line":25,"column":51},"end":{"line":25,"column":53}}],"line":25},"3":{"loc":{"start":{"line":38,"column":4},"end":{"line":43,"column":5}},"type":"if","locations":[{"start":{"line":38,"column":4},"end":{"line":43,"column":5}},{"start":{},"end":{}}],"line":38},"4":{"loc":{"start":{"line":38,"column":8},"end":{"line":38,"column":66}},"type":"binary-expr","locations":[{"start":{"line":38,"column":8},"end":{"line":38,"column":20}},{"start":{"line":38,"column":24},"end":{"line":38,"column":39}},{"start":{"line":38,"column":43},"end":{"line":38,"column":54}},{"start":{"line":38,"column":58},"end":{"line":38,"column":66}}],"line":38},"5":{"loc":{"start":{"line":45,"column":4},"end":{"line":50,"column":5}},"type":"if","locations":[{"start":{"line":45,"column":4},"end":{"line":50,"column":5}},{"start":{},"end":{}}],"line":45},"6":{"loc":{"start":{"line":56,"column":4},"end":{"line":61,"column":5}},"type":"if","locations":[{"start":{"line":56,"column":4},"end":{"line":61,"column":5}},{"start":{},"end":{}}],"line":56},"7":{"loc":{"start":{"line":56,"column":8},"end":{"line":56,"column":55}},"type":"binary-expr","locations":[{"start":{"line":56,"column":8},"end":{"line":56,"column":18}},{"start":{"line":56,"column":22},"end":{"line":56,"column":55}}],"line":56},"8":{"loc":{"start":{"line":69,"column":4},"end":{"line":74,"column":5}},"type":"if","locations":[{"start":{"line":69,"column":4},"end":{"line":74,"column":5}},{"start":{},"end":{}}],"line":69},"9":{"loc":{"start":{"line":120,"column":4},"end":{"line":122,"column":5}},"type":"if","locations":[{"start":{"line":120,"column":4},"end":{"line":122,"column":5}},{"start":{},"end":{}}],"line":120},"10":{"loc":{"start":{"line":160,"column":6},"end":{"line":162,"column":7}},"type":"if","locations":[{"start":{"line":160,"column":6},"end":{"line":162,"column":7}},{"start":{},"end":{}}],"line":160},"11":{"loc":{"start":{"line":160,"column":10},"end":{"line":160,"column":53}},"type":"binary-expr","locations":[{"start":{"line":160,"column":10},"end":{"line":160,"column":19}},{"start":{"line":160,"column":23},"end":{"line":160,"column":53}}],"line":160},"12":{"loc":{"start":{"line":168,"column":6},"end":{"line":170,"column":7}},"type":"if","locations":[{"start":{"line":168,"column":6},"end":{"line":170,"column":7}},{"start":{},"end":{}}],"line":168},"13":{"loc":{"start":{"line":168,"column":10},"end":{"line":168,"column":57}},"type":"binary-expr","locations":[{"start":{"line":168,"column":10},"end":{"line":168,"column":20}},{"start":{"line":168,"column":24},"end":{"line":168,"column":57}}],"line":168},"14":{"loc":{"start":{"line":180,"column":6},"end":{"line":182,"column":7}},"type":"if","locations":[{"start":{"line":180,"column":6},"end":{"line":182,"column":7}},{"start":{},"end":{}}],"line":180},"15":{"loc":{"start":{"line":253,"column":6},"end":{"line":255,"column":7}},"type":"if","locations":[{"start":{"line":253,"column":6},"end":{"line":255,"column":7}},{"start":{},"end":{}}],"line":253},"16":{"loc":{"start":{"line":260,"column":6},"end":{"line":262,"column":7}},"type":"if","locations":[{"start":{"line":260,"column":6},"end":{"line":262,"column":7}},{"start":{},"end":{}}],"line":260},"17":{"loc":{"start":{"line":260,"column":10},"end":{"line":260,"column":30}},"type":"binary-expr","locations":[{"start":{"line":260,"column":10},"end":{"line":260,"column":18}},{"start":{"line":260,"column":22},"end":{"line":260,"column":30}}],"line":260},"18":{"loc":{"start":{"line":265,"column":6},"end":{"line":267,"column":7}},"type":"if","locations":[{"start":{"line":265,"column":6},"end":{"line":267,"column":7}},{"start":{},"end":{}}],"line":265},"19":{"loc":{"start":{"line":265,"column":10},"end":{"line":265,"column":52}},"type":"binary-expr","locations":[{"start":{"line":265,"column":10},"end":{"line":265,"column":18}},{"start":{"line":265,"column":22},"end":{"line":265,"column":52}}],"line":265},"20":{"loc":{"start":{"line":269,"column":6},"end":{"line":271,"column":7}},"type":"if","locations":[{"start":{"line":269,"column":6},"end":{"line":271,"column":7}},{"start":{},"end":{}}],"line":269},"21":{"loc":{"start":{"line":283,"column":6},"end":{"line":292,"column":7}},"type":"if","locations":[{"start":{"line":283,"column":6},"end":{"line":292,"column":7}},{"start":{},"end":{}}],"line":283},"22":{"loc":{"start":{"line":336,"column":6},"end":{"line":338,"column":7}},"type":"if","locations":[{"start":{"line":336,"column":6},"end":{"line":338,"column":7}},{"start":{},"end":{}}],"line":336},"23":{"loc":{"start":{"line":336,"column":10},"end":{"line":336,"column":53}},"type":"binary-expr","locations":[{"start":{"line":336,"column":10},"end":{"line":336,"column":19}},{"start":{"line":336,"column":23},"end":{"line":336,"column":53}}],"line":336},"24":{"loc":{"start":{"line":340,"column":6},"end":{"line":342,"column":7}},"type":"if","locations":[{"start":{"line":340,"column":6},"end":{"line":342,"column":7}},{"start":{},"end":{}}],"line":340}},"s":{"0":2,"1":2,"2":2,"3":2,"4":0,"5":0,"6":0,"7":0,"8":0,"9":2,"10":0,"11":2,"12":0,"13":0,"14":0,"15":0,"16":0,"17":0,"18":0,"19":0,"20":0,"21":0,"22":0,"23":0,"24":0,"25":0,"26":0,"27":0,"28":0,"29":0,"30":2,"31":0,"32":0,"33":0,"34":0,"35":0,"36":0,"37":0,"38":0,"39":2,"40":0,"41":0,"42":0,"43":0,"44":0,"45":0,"46":0,"47":0,"48":0,"49":0,"50":0,"51":0,"52":0,"53":0,"54":0,"55":0,"56":0,"57":0,"58":0,"59":0,"60":0,"61":2,"62":0,"63":0,"64":0,"65":0,"66":0,"67":0,"68":0,"69":0,"70":0,"71":0,"72":0,"73":0,"74":0,"75":0,"76":0,"77":0,"78":0,"79":0,"80":0,"81":0,"82":0,"83":0,"84":0,"85":0,"86":2,"87":0,"88":0,"89":0,"90":0,"91":0,"92":0,"93":0,"94":0,"95":0,"96":0,"97":0,"98":0,"99":0,"100":0,"101":0,"102":0,"103":2},"f":{"0":0,"1":0,"2":0,"3":0,"4":0,"5":0,"6":0,"7":0,"8":0,"9":0},"b":{"0":[0],"1":[0],"2":[0,0],"3":[0,0],"4":[0,0,0,0],"5":[0,0],"6":[0,0],"7":[0,0],"8":[0,0],"9":[0,0],"10":[0,0],"11":[0,0],"12":[0,0],"13":[0,0],"14":[0,0],"15":[0,0],"16":[0,0],"17":[0,0],"18":[0,0],"19":[0,0],"20":[0,0],"21":[0,0],"22":[0,0],"23":[0,0],"24":[0,0]},"_coverageSchema":"1a1c01bbd47fc00a2c39e90264f33305004495a9","hash":"138fe965f3cacbbdf6aab97c35cedf1bbb6cdb95"}
,"C:\\Users\\migue\\Videos\\asset_management\\backend\\src\\controllers\\sectorController.js": {"path":"C:\\Users\\migue\\Videos\\asset_management\\backend\\src\\controllers\\sectorController.js","statementMap":{"0":{"start":{"line":1,"column":15},"end":{"line":1,"column":41}},"1":{"start":{"line":2,"column":31},"end":{"line":2,"column":66}},"2":{"start":{"line":4,"column":21},"end":{"line":16,"column":1}},"3":{"start":{"line":5,"column":2},"end":{"line":15,"column":3}},"4":{"start":{"line":6,"column":19},"end":{"line":9,"column":6}},"5":{"start":{"line":10,"column":4},"end":{"line":12,"column":5}},"6":{"start":{"line":11,"column":6},"end":{"line":11,"column":61}},"7":{"start":{"line":14,"column":4},"end":{"line":14,"column":45}},"8":{"start":{"line":18,"column":21},"end":{"line":62,"column":1}},"9":{"start":{"line":19,"column":2},"end":{"line":61,"column":3}},"10":{"start":{"line":20,"column":21},"end":{"line":20,"column":29}},"11":{"start":{"line":22,"column":4},"end":{"line":27,"column":5}},"12":{"start":{"line":23,"column":6},"end":{"line":26,"column":9}},"13":{"start":{"line":29,"column":19},"end":{"line":33,"column":6}},"14":{"start":{"line":35,"column":4},"end":{"line":42,"column":7}},"15":{"start":{"line":45,"column":4},"end":{"line":49,"column":6}},"16":{"start":{"line":51,"column":4},"end":{"line":54,"column":7}},"17":{"start":{"line":56,"column":4},"end":{"line":56,"column":43}},"18":{"start":{"line":57,"column":4},"end":{"line":60,"column":7}},"19":{"start":{"line":64,"column":22},"end":{"line":81,"column":1}},"20":{"start":{"line":65,"column":2},"end":{"line":80,"column":3}},"21":{"start":{"line":66,"column":20},"end":{"line":68,"column":6}},"22":{"start":{"line":70,"column":4},"end":{"line":73,"column":7}},"23":{"start":{"line":75,"column":4},"end":{"line":75,"column":44}},"24":{"start":{"line":76,"column":4},"end":{"line":79,"column":7}},"25":{"start":{"line":83,"column":22},"end":{"line":109,"column":1}},"26":{"start":{"line":84,"column":17},"end":{"line":84,"column":27}},"27":{"start":{"line":86,"column":2},"end":{"line":108,"column":3}},"28":{"start":{"line":87,"column":19},"end":{"line":89,"column":6}},"29":{"start":{"line":91,"column":4},"end":{"line":96,"column":5}},"30":{"start":{"line":92,"column":6},"end":{"line":95,"column":9}},"31":{"start":{"line":98,"column":4},"end":{"line":101,"column":7}},"32":{"start":{"line":103,"column":4},"end":{"line":103,"column":44}},"33":{"start":{"line":104,"column":4},"end":{"line":107,"column":7}},"34":{"start":{"line":111,"column":21},"
[...]
,"C:\\Users\\migue\\Videos\\asset_management\\backend\\src\\middlewares\\roleMiddleware.js": {"path":"C:\\Users\\migue\\Videos\\asset_management\\backend\\src\\middlewares\\roleMiddleware.js","statementMap":{"0":{"start":{"line":1,"column":23},"end":{"line":12,"column":1}},"1":{"start":{"line":2,"column":2},"end":{"line":11,"column":4}},"2":{"start":{"line":3,"column":4},"end":{"line":8,"column":5}},"3":{"start":{"line":4,"column":6},"end":{"line":7,"column":9}},"4":{"start":{"line":10,"column":4},"end":{"line":10,"column":11}},"5":{"start":{"line":14,"column":0},"end":{"line":14,"column":32}}},"fnMap":{"0":{"name":"(anonymous_0)","decl":{"start":{"line":1,"column":23},"end":{"line":1,"column":24}},"loc":{"start":{"line":1,"column":37},"end":{"line":12,"column":1}},"line":1},"1":{"name":"(anonymous_1)","decl":{"start":{"line":2,"column":9},"end":{"line":2,"column":10}},"loc":{"start":{"line":2,"column":29},"end":{"line":11,"column":3}},"line":2}},"branchMap":{"0":{"loc":{"start":{"line":3,"column":4},"end":{"line":8,"column":5}},"type":"if","locations":[{"start":{"line":3,"column":4},"end":{"line":8,"column":5}},{"start":{},"end":{}}],"line":3},"1":{"loc":{"start":{"line":3,"column":8},"end":{"line":3,"column":53}},"type":"binary-expr","locations":[{"start":{"line":3,"column":8},"end":{"line":3,"column":17}},{"start":{"line":3,"column":21},"end":{"line":3,"column":53}}],"line":3}},"s":{"0":1,"1":36,"2":0,"3":0,"4":0,"5":1},"f":{"0":36,"1":0},"b":{"0":[0,0],"1":[0,0]},"_coverageSchema":"1a1c01bbd47fc00a2c39e90264f33305004495a9","hash":"6c802980f344067d4f897b77a1ef039ef5a664f6"}
,"C:\\Users\\migue\\Videos\\asset_management\\backend\\src\\routes\\anomalyRoutes.js": {"path":"C:\\Users\\migue\\Videos\\asset_management\\backend\\src\\routes\\anomalyRoutes.js","statementMap":{"0":{"start":{"line":8,"column":15},"end":{"line":8,"column":42}},"1":{"start":{"line":10,"column":13},"end":{"line":10,"column":53}},"2":{"start":{"line":11,"column":13},"end":{"line":11,"column":53}},"3":{"start":{"line":20,"column":4},"end":{"line":20,"column":47}},"4":{"start":{"line":50,"column":0},"end":{"line":50,"column":79}},"5":{"start":{"line":79,"column":0},"end":{"line":79,"column":39}},"6":{"start":{"line":100,"column":0},"end":{"line":100,"column":41}},"7":{"start":{"line":131,"column":0},"end":{"line":131,"column":55}},"8":{"start":{"line":152,"column":0},"end":{"line":152,"column":75}},"9":{"start":{"line":173,"column":0},"end":{"line":173,"column":58}},"10":{"start":{"line":175,"column":0},"end":{"line":175,"column":24}}},"fnMap":{},"branchMap":{},"s":{"0":2,"1":2,"2":2,"3":2,"4":2,"5":2,"6":2,"7":2,"8":2,"9":2,"10":2},"f":{},"b":{},"_coverageSchema":"1a1c01bbd47fc00a2c39e90264f33305004495a9","hash":"ed4c4d846ed623bcd388dcf698975eee3cb5689b"}
,"C:\\Users\\migue\\Videos\\asset_management\\backend\\src\\routes\\authRoutes.js": {"path":"C:\\Users\\migue\\Videos\\asset_management\\backend\\src\\routes\\authRoutes.js","statementMap":{"0":{"start":{"line":69,"column":16},"end":{"line":69,"column":34}},"1":{"start":{"line":70,"column":15},"end":{"line":70,"column":31}},"2":{"start":{"line":72,"column":25},"end":{"line":72,"column":60}},"3":{"start":{"line":80,"column":4},"end":{"line":80,"column":44}},"4":{"start":{"line":83,"column":0},"end":{"line":83,"column":35}},"5":{"start":{"line":121,"column":0},"end":{"line":121,"column":43}},"6":{"start":{"line":140,"column":0},"end":{"line":140,"column":33}},"7":{"start":{"line":143,"column":0},"end":{"line":143,"column":52}},"8":{"start":{"line":144,"column":0},"end":{"line":144,"column":46}},"9":{"start":{"line":146,"column":0},"end":{"line":146,"column":24}}},"fnMap":{},"branchMap":{},"s":{"0":2,"1":2,"2":2,"3":2,"4":2,"5":2,"6":2,"7":2,"8":2,"9":2},"f":{},"b":{},"_coverageSchema":"1a1c01bbd47fc00a2c39e90264f33305004495a9","hash":"fff937ab69e8668592c2661312502d43ae63e4a7"}
,"C:\\Users\\migue\\Videos\\asset_management\\backend\\src\\routes\\dashboardRoutes.js": {"path":"C:\\Users\\migue\\Videos\\asset_management\\backend\\src\\routes\\dashboardRoutes.js","statementMap":{"0":{"start":{"line":1,"column":15},"end":{"line":1,"column":42}},"1":{"start":{"line":2,"column":13},"end":{"line":2,"column":53}},"2":{"start":{"line":4,"column":30},"end":{"line":4,"column":75}},"3":{"start":{"line":6,"column":0},"end":{"line":6,"column":45}},"4":{"start":{"line":8,"column":0},"end":{"line":8,"column":23}}},"fnMap":{},"branchMap":{},"s":{"0":2,"1":2,"2":2,"3":2,"4":2},"f":{},"b":{},"_coverageSchema":"1a1c01bbd47fc00a2c39e90264f33305004495a9","hash":"027833a52a191a4fe2f63188b2d1f93a65c5c2d7"}
,"C:\\Users\\migue\\Videos\\asset_management\\backend\\src\\routes\\equipmentRoutes.js": {"path":"C:\\Users\\migue\\Videos\\asset_management\\backend\\src\\routes\\equipmentRoutes.js","statementMap":{"0":{"start":{"line":1,"column":15},"end":{"line":1,"column":42}},"1":{"start":{"line":3,"column":13},"end":{"line":3,"column":53}},"2":{"start":{"line":4,"column":13},"end":{"line":4,"column":53}},"3":{"start":{"line":12,"column":4},"end":{"line":12,"column":49}},"4":{"start":{"line":33,"column":0},"end":{"line":33,"column":55}},"5":{"start":{"line":34,"column":0},"end":{"line":34,"column":57}},"6":{"start":{"line":35,"column":0},"end":{"line":35,"column":60}},"7":{"start":{"line":68,"column":0},"end":{"line":68,"column":40}},"8":{"start":{"line":69,"column":0},"end":{"line":69,"column":43}},"9":{"start":{"line":71,"column":0},"end":{"line":71,"column":24}}},"fnMap":{},"branchMap":{},"s":{"0":2,"1":2,"2":2,"3":2,"4":2,"5":2,"6":2,"7":2,"8":2,"9":2},"f":{},"b":{},"_coverageSchema":"1a1c01bbd47fc00a2c39e90264f33305004495a9","hash":"74aee15ff8a1f021c870d1e937575c5fec7fe833"}
,"C:\\Users\\migue\\Videos\\asset_management\\backend\\src\\routes\\index.js": {"path":"C:\\Users\\migue\\Videos\\asset_management\\backend\\src\\routes\\index.js","statementMap":{"0":{"start":{"line":1,"column":16},"end":{"line":1,"column":34}},"1":{"start":{"line":2,"column":15},"end":{"line":2,"column":31}},"2":{"start":{"line":5,"column":19},"end":{"line":5,"column":42}},"3":{"start":{"line":6,"column":19},"end":{"line":6,"column":42}},"4":{"start":{"line":7,"column":24},"end":{"line":7,"column":52}},"5":{"start":{"line":8,"column":23},"end":{"line":8,"column":50}},"6":{"start":{"line":9,"column":19},"end":{"line":9,"column":42}},"7":{"start":{"line":10,"column":26},"end":{"line":10,"column":56}},"8":{"start":{"line":11,"column":23},"end":{"line":11,"column":50}},"9":{"start":{"line":12,"column":24},"end":{"line":12,"column":52}},"10":{"start":{"line":13,"column":22},"end":{"line":13,"column":48}},"11":{"start":{"line":14,"column":21},"end":{"line":14,"column":46}},"12":{"start":{"line":15,"column":27},"end":{"line":15,"column":58}},"13":{"start":{"line":18,"column":0},"end":{"line":18,"column":32}},"14":{"start":{"line":19,"column":0},"end":{"line":19,"column":33}},"15":{"start":{"line":20,"column":0},"end":{"line":20,"column":42}},"16":{"start":{"line":21,"column":0},"end":{"line":21,"column":41}},"17":{"start":{"line":22,"column":0},"end":{"line":22,"column":33}},"18":{"start":{"line":23,"column":0},"end":{"line":23,"column":46}},"19":{"start":{"line":24,"column":0},"end":{"line":24,"column":41}},"20":{"start":{"line":25,"column":0},"end":{"line":25,"column":41}},"21":{"start":{"line":26,"column":0},"end":{"line":26,"column":40}},"22":{"start":{"line":27,"column":0},"end":{"line":27,"column":37}},"23":{"start":{"line":28,"column":0},"end":{"line":28,"column":49}},"24":{"start":{"line":30,"column":0},"end":{"line":30,"column":24}}},"fnMap":{},"branchMap":{},"s":{"0":2,"1":2,"2":2,"3":2,"4":2,"5":2,"6":2,"7":2,"8":2,"9":2,"10":2,"11":2,"12":2,"13":2,"14":2,"15":2,"16":2,"17":2,"18":2,"19":2,"20":2,"21":2,"22":2,"23":2,"24":2},"f":{},"b":{},"_coverageSchema":"1a1c01bbd47fc00a2c39e90264f33305004495a9","hash":"804dc78eb7b6c344f73e46b7df7bc761013fe489"}
,"C:\\Users\\migue\\Videos\\asset_management\\backend\\src\\routes\\loanRoutes.js": {"path":"C:\\Users\\migue\\Videos\\asset_management\\backend\\src\\routes\\loanRoutes.js","statementMap":{"0":{"start":{"line":8,"column":15},"end":{"line":8,"column":42}},"1":{"start":{"line":9,"column":13},"end":{"line":9,"column":53}},"2":{"start":{"line":10,"column":13},"end":{"line":10,"column":53}},"3":{"start":{"line":12,"column":60},"end":{"line":12,"column":100}},"4":{"start":{"line":26,"column":0},"end":{"line":26,"column":65}},"5":{"start":{"line":53,"column":0},"end":{"line":53,"column":65}},"6":{"start":{"line":76,"column":0},"end":{"line":76,"column":71}},"7":{"start":{"line":95,"column":0},"end":{"line":95,"column":70}},"8":{"start":{"line":97,"column":0},"end":{"line":97,"column":24}}},"fnMap":{},"branchMap":{},"s":{"0":2,"1":2,"2":2,"3":2,"4":2,"5":2,"6":2,"7":2,"8":2},"f":{},"b":{},"_coverageSchema":"1a1c01bbd47fc00a2c39e90264f33305004495a9","hash":"47849b7ecf78de48db1ab4bc8ead3130c725ff77"}
,"C:\\Users\\migue\\Videos\\asset_management\\backend\\src\\routes\\maintenanceRoutes.js": {"path":"C:\\Users\\migue\\Videos\\asset_management\\backend\\src\\routes\\maintenanceRoutes.js","statementMap":{"0":{"start":{"line":8,"column":15},"end":{"line":8,"column":42}},"1":{"start":{"line":10,"column":13},"end":{"line":10,"column":53}},"2":{"start":{"line":11,"column":13},"end":{"line":11,"column":53}},"3":{"start":{"line":19,"column":4},"end":{"line":19,"column":51}},"4":{"start":{"line":48,"column":0},"end":{"line":48,"column":67}},"5":{"start":{"line":67,"column":0},"end":{"line":67,"column":77}},"6":{"start":{"line":86,"column":0},"end":{"line":86,"column":77}},"7":{"start":{"line":100,"column":0},"end":{"line":100,"column":68}},"8":{"start":{"line":119,"column":0},"end":{"line":119,"column":71}},"9":{"start":{"line":121,"column":0},"end":{"line":121,"column":24}}},"fnMap":{},"branchMap":{},"s":{"0":2,"1":2,"2":2,"3":2,"4":2,"5":2,"6":2,"7":2,"8":2,"9":2},"f":{},"b":{},"_coverageSchema":"1a1c01bbd47fc00a2c39e90264f33305004495a9","hash":"70f3ba8bef68f658f3a45da6b87e20aab1b44222"}
,"C:\\Users\\migue\\Videos\\asset_management\\backend\\src\\routes\\notificationRoutes.js": {"path":"C:\\Users\\migue\\Videos\\asset_management\\backend\\src\\routes\\notificationRoutes.js","statementMap":{"0":{"start":{"line":7,"column":15},"end":{"line":7,"column":42}},"1":{"start":{"line":8,"column":13},"end":{"line":8,"column":53}},"2":{"start":{"line":15,"column":4},"end":{"line":15,"column":52}},"3":{"start":{"line":17,"column":0},"end":{"line":17,"column":42}},"4":{"start":{"line":18,"column":0},"end":{"line":18,"column":45}},"5":{"start":{"line":19,"column":0},"end":{"line":19,"column":42}},"6":{"start":{"line":20,"column":0},"end":{"line":20,"column":48}},"7":{"start":{"line":22,"column":0},"end":{"line":22,"column":24}}},"fnMap":{},"branchMap":{},"s":{"0":2,"1":2,"2":2,"3":2,"4":2,"5":2,"6":2,"7":2},"f":{},"b":{},"_coverageSchema":"1a1c01bbd47fc00a2c39e90264f33305004495a9","hash":"d0b59c131b4baffd32e02cac9294506c2286b8a0"}
,"C:\\Users\\migue\\Videos\\asset_management\\backend\\src\\routes\\scheduleRoutes.js": {"path":"C:\\Users\\migue\\Videos\\asset_management\\backend\\src\\routes\\scheduleRoutes.js","statementMap":{"0":{"start":{"line":8,"column":15},"end":{"line":8,"column":42}},"1":{"start":{"line":9,"column":13},"end":{"line":9,"column":53}},"2":{"start":{"line":10,"column":13},"end":{"line":10,"column":53}},"3":{"start":{"line":18,"column":4},"end":{"line":18,"column":48}},"4":{"start":{"line":38,"column":0},"end":{"line":38,"column":69}},"5":{"start":{"line":66,"column":0},"end":{"line":66,"column":69}},"6":{"start":{"line":87,"column":0},"end":{"line":87,"column":65}},"7":{"start":{"line":106,"column":0},"end":{"line":106,"column":78}},"8":{"start":{"line":127,"column":0},"end":{"line":127,"column":67}},"9":{"start":{"line":129,"column":0},"end":{"line":129,"column":24}}},"fnMap":{},"branchMap":{},"s":{"0":2,"1":2,"2":2,"3":2,"4":2,"5":2,"6":2,"7":2,"8":2,"9":2},"f":{},"b":{},"_coverageSchema":"1a1c01bbd47fc00a2c39e90264f33305004495a9","hash":"e40e3e08ab83e29b39e069266419881311e7bb03"}
,"C:\\Users\\migue\\Videos\\asset_management\\backend\\src\\routes\\sectorRoutes.js": {"path":"C:\\Users\\migue\\Videos\\asset_management\\backend\\src\\routes\\sectorRoutes.js","statementMap":{"0":{"start":{"line":7,"column":15},"end":{"line":7,"column":42}},"1":{"start":{"line":9,"column":13},"end":{"line":9,"column":53}},"2":{"start":{"line":10,"column":13},"end":{"line":10,"column":53}},"3":{"start":{"line":18,"column":4},"end":{"line":18,"column":46}},"4":{"start":{"line":20,"column":0},"end":{"line":20,"column":52}},"5":{"start":{"line":21,"column":0},"end":{"line":21,"column":67}},"6":{"start":{"line":22,"column":0},"end":{"line":22,"column":70}},"7":{"start":{"line":23,"column":0},"end":{"line":23,"column":54}},"8":{"start":{"line":24,"column":0},"end":{"line":24,"column":57}},"9":{"start":{"line":26,"column":0},"end":{"line":26,"column":24}}},"fnMap":{},"branchMap":{},"s":{"0":2,"1":2,"2":2,"3":2,"4":2,"5":2,"6":2,"7":2,"8":2,"9":2},"f":{},"b":{},"_coverageSchema":"1a1c01bbd47fc00a2c39e90264f33305004495a9","hash":"9dc15653c2b3938c410d0925618dd052b511b0fc"}
,"C:\\Users\\migue\\Videos\\asset_management\\backend\\src\\routes\\transferRoutes.js": {"path":"C:\\Users\\migue\\Videos\\asset_management\\backend\\src\\routes\\transferRoutes.js","statementMap":{"0":{"start":{"line":7,"column":15},"end":{"line":7,"column":42}},"1":{"start":{"line":9,"column":13},"end":{"line":9,"column":53}},"2":{"start":{"line":10,"column":13},"end":{"line":10,"column":53}},"3":{"start":{"line":18,"column":4},"end":{"line":18,"column":48}},"4":{"start":{"line":20,"column":0},"end":{"line":20,"column":54}},"5":{"start":{"line":21,"column":0},"end":{"line":21,"column":54}},"6":{"start":{"line":22,"column":0},"end":{"line":22,"column":83}},"7":{"start":{"line":23,"column":0},"end":{"line":23,"column":84}},"8":{"start":{"line":24,"column":0},"end":{"line":24,"column":57}},"9":{"start":{"line":26,"column":0},"end":{"line":26,"column":24}}},"fnMap":{},"branchMap":{},"s":{"0":2,"1":2,"2":2,"3":2,"4":2,"5":2,"6":2,"7":2,"8":2,"9":2},"f":{},"b":{},"_coverageSchema":"1a1c01bbd47fc00a2c39e90264f33305004495a9","hash":"b7613ac5eddacbbf6d513eeb58d8b8ca954d8f16"}
,"C:\\Users\\migue\\Videos\\asset_management\\backend\\src\\routes\\userRoutes.js": {"path":"C:\\Users\\migue\\Videos\\asset_management\\backend\\src\\routes\\userRoutes.js","statementMap":{"0":{"start":{"line":1,"column":15},"end":{"line":1,"column":42}},"1":{"start":{"line":3,"column":13},"end":{"line":3,"column":53}},"2":{"start":{"line":4,"column":13},"end":{"line":4,"column":53}},"3":{"start":{"line":15,"column":4},"end":{"line":15,"column":44}},"4":{"start":{"line":41,"column":0},"end":{"line":41,"column":36}},"5":{"start":{"line":42,"column":0},"end":{"line":42,"column":39}},"6":{"start":{"line":43,"column":0},"end":{"line":43,"column":49}},"7":{"start":{"line":46,"column":0},"end":{"line":46,"column":50}},"8":{"start":{"line":66,"column":0},"end":{"line":66,"column":50}},"9":{"start":{"line":67,"column":0},"end":{"line":67,"column":53}},"10":{"start":{"line":68,"column":0},"end":{"line":68,"column":52}},"11":{"start":{"line":69,"column":0},"end":{"line":69,"column":55}},"12":{"start":{"line":71,"column":0},"end":{"line":71,"column":24}}},"fnMap":{},"branchMap":{},"s":{"0":2,"1":2,"2":2,"3":2,"4":2,"5":2,"6":2,"7":2,"8":2,"9":2,"10":2,"11":2,"12":2},"f":{},"b":{},"_coverageSchema":"1a1c01bbd47fc00a2c39e90264f33305004495a9","hash":"ba9c79419bf74f098dc627eae9d5f6e082597510"}
,"C:\\Users\\migue\\Videos\\asset_management\\backend\\src\\utils\\jwt.js": {"path":"C:\\Users\\migue\\Videos\\asset_management\\backend\\src\\utils\\jwt.js","statementMap":{"0":{"start":{"line":1,"column":12},"end":{"line":1,"column":35}},"1":{"start":{"line":3,"column":22},"end":{"line":12,"column":1}},"2":{"start":{"line":4,"column":2},"end":{"line":11,"column":4}},"3":{"start":{"line":14,"column":0},"end":{"line":14,"column":35}}},"fnMap":{"0":{"name":"(anonymous_0)","decl":{"start":{"line":3,"column":22},"end":{"line":3,"column":23}},"loc":{"start":{"line":3,"column":32},"end":{"line":12,"column":1}},"line":3}},"branchMap":{},"s":{"0":2,"1":2,"2":1,"3":2},"f":{"0":1},"b":{},"_coverageSchema":"1a1c01bbd47fc00a2c39e90264f33305004495a9","hash":"cfc41b10d66a0211aac4a1ff3fb4ee814ce7ae90"}
,"C:\\Users\\migue\\Videos\\asset_management\\backend\\src\\utils\\logger.js": {"path":"C:\\Users\\migue\\Videos\\asset_management\\backend\\src\\utils\\logger.js","statementMap":{"0":{"start":{"line":1,"column":15},"end":{"line":1,"column":34}},"1":{"start":{"line":3,"column":18},"end":{"line":16,"column":1}},"2":{"start":{"line":4,"column":2},"end":{"line":15,"column":3}},"3":{"start":{"line":5,"column":4},"end":{"line":12,"column":7}},"4":{"start":{"line":14,"column":4},"end":{"line":14,"column":55}},"5":{"start":{"line":18,"column":0},"end":{"line":18,"column":31}}},"fnMap":{"0":{"name":"(anonymous_0)","decl":{"start":{"line":3,"column":18},"end":{"line":3,"column":19}},"loc":{"start":{"line":3,"column":73},"end":{"line":16,"column":1}},"line":3}},"branchMap":{},"s":{"0":2,"1":2,"2":0,"3":0,"4":0,"5":2},"f":{"0":0},"b":{},"_coverageSchema":"1a1c01bbd47fc00a2c39e90264f33305004495a9","hash":"4f31aca714db4001444f7740596787b5f24a7ac5"}
,"C:\\Users\\migue\\Videos\\asset_management\\backend\\src\\utils\\prisma.js": {"path":"C:\\Users\\migue\\Videos\\asset_management\\backend\\src\\utils\\prisma.js","statementMap":{"0":{"start":{"line":1,"column":25},"end":{"line":1,"column":50}},"1":{"start":{"line":3,"column":15},"end":{"line":3,"column":33}},"2":{"start":{"line":5,"column":0},"end":{"line":5,"column":23}}},"fnMap":{},"branchMap":{},"s":{"0":0,"1":0,"2":0},"f":{},"b":{}}
,"C:\\Users\\migue\\Videos\\asset_management\\backend\\src\\validators\\authValidator.js": {"path":"C:\\Users\\migue\\Videos\\asset_management\\backend\\src\\validators\\authValidator.js","statementMap":{"0":{"start":{"line":1,"column":14},"end":{"line":1,"column":28}},"1":{"start":{"line":3,"column":23},"end":{"line":8,"column":2}},"2":{"start":{"line":10,"column":20},"end":{"line":13,"column":2}},"3":{"start":{"line":15,"column":0},"end":{"line":15,"column":49}}},"fnMap":{},"branchMap":{},"s":{"0":2,"1":2,"2":2,"3":2},"f":{},"b":{},"_coverageSchema":"1a1c01bbd47fc00a2c39e90264f33305004495a9","hash":"9ed0575e8d4a8840a053c2868b1c97b0b425e295"}
,"C:\\Users\\migue\\Videos\\asset_management\\backend\\src\\validators\\equipmentValidator.js": {"path":"C:\\Users\\migue\\Videos\\asset_management\\backend\\src\\validators\\equipmentValidator.js","statementMap":{"0":{"start":{"line":1,"column":14},"end":{"line":1,"column":28}},"1":{"start":{"line":3,"column":30},"end":{"line":6,"column":2}},"2":{"start":{"line":8,"column":30},"end":{"line":11,"column":2}},"3":{"start":{"line":13,"column":0},"end":{"line":13,"column":66}}},"fnMap":{},"branchMap":{},"s":{"0":2,"1":2,"2":2,"3":2},"f":{},"b":{},"_coverageSchema":"1a1c01bbd47fc00a2c39e90264f33305004495a9","hash":"d9ec71fd176c0d17840928f9eaf51c114106213b"}
,"C:\\Users\\migue\\Videos\\asset_management\\backend\\src\\validators\\userValidator.js": {"path":"C:\\Users\\migue\\Videos\\asset_management\\backend\\src\\validators\\userValidator.js","statementMap":{"0":{"start":{"line":1,"column":14},"end":{"line":1,"column":28}},"1":{"start":{"line":3,"column":25},"end":{"line":10,"column":2}},"2":{"start":{"line":12,"column":25},"end":{"line":17,"column":2}},"3":{"start":{"line":19,"column":29},"end":{"line":22,"column":2}},"4":{"start":{"line":24,"column":28},"end":{"line":27,"column":2}},"5":{"start":{"line":29,"column":0},"end":{"line":29,"column":99}}},"fnMap":{},"branchMap":{},"s":{"0":2,"1":2,"2":2,"3":2,"4":2,"5":2},"f":{},"b":{},"_coverageSchema":"1a1c01bbd47fc00a2c39e90264f33305004495a9","hash":"69ec901cfc07b6489c006f5d5bdf980b384c8ed6"}
}
