TN:
SF:src\controllers\anomalyController.js
FN:4,(anonymous_0)
FN:87,(anonymous_1)
FN:127,(anonymous_2)
FN:166,(anonymous_3)
FN:226,(anonymous_4)
FN:290,(anonymous_5)
FNF:6
FNH:0
FNDA:0,(anonymous_0)
FNDA:0,(anonymous_1)
FNDA:0,(anonymous_2)
FNDA:0,(anonymous_3)
FNDA:0,(anonymous_4)
FNDA:0,(anonymous_5)
DA:1,2
DA:2,2
DA:4,2
DA:5,0
DA:7,0
DA:8,0
DA:9,0
DA:15,0
DA:19,0
DA:20,0
DA:26,0
DA:47,0
DA:58,0
DA:65,0
DA:66,0
DA:74,0
DA:79,0
DA:80,0
DA:87,2
DA:88,0
DA:89,0
DA:91,0
DA:93,0
DA:94,0
DA:95,0
DA:96,0
DA:98,0
DA:114,0
DA:119,0
DA:120,0
DA:127,2
DA:128,0
DA:130,0
DA:131,0
DA:146,0
DA:147,0
DA:153,0
DA:158,0
DA:159,0
DA:166,2
DA:167,0
DA:168,0
DA:170,0
DA:171,0
DA:175,0
DA:176,0
DA:182,0
DA:203,0
DA:213,0
DA:218,0
DA:219,0
DA:226,2
DA:227,0
DA:229,0
DA:230,0
DA:234,0
DA:235,0
DA:241,0
DA:259,0
DA:270,0
DA:277,0
DA:282,0
DA:283,0
DA:290,2
DA:291,0
DA:293,0
DA:294,0
DA:298,0
DA:299,0
DA:305,0
DA:309,0
DA:319,0
DA:324,0
DA:325,0
DA:332,2
LF:75
LH:9
BRDA:8,0,0,0
BRDA:8,0,1,0
BRDA:8,1,0,0
BRDA:8,1,1,0
BRDA:8,1,2,0
BRDA:8,1,3,0
BRDA:19,2,0,0
BRDA:19,2,1,0
BRDA:70,3,0,0
BRDA:70,3,1,0
BRDA:70,4,0,0
BRDA:70,4,1,0
BRDA:93,5,0,0
BRDA:93,5,1,0
BRDA:94,6,0,0
BRDA:94,6,1,0
BRDA:95,7,0,0
BRDA:95,7,1,0
BRDA:96,8,0,0
BRDA:96,8,1,0
BRDA:146,9,0,0
BRDA:146,9,1,0
BRDA:175,10,0,0
BRDA:175,10,1,0
BRDA:185,11,0,0
BRDA:185,11,1,0
BRDA:186,12,0,0
BRDA:186,12,1,0
BRDA:187,13,0,0
BRDA:187,13,1,0
BRDA:188,14,0,0
BRDA:188,14,1,0
BRDA:234,15,0,0
BRDA:234,15,1,0
BRDA:298,16,0,0
BRDA:298,16,1,0
BRF:36
BRH:0
end_of_record
TN:
SF:src\controllers\authController.js
FN:10,(anonymous_0)
FN:17,(anonymous_1)
FN:79,(anonymous_2)
FN:143,(anonymous_3)
FN:182,(anonymous_4)
FN:222,(anonymous_5)
FNF:6
FNH:3
FNDA:1,(anonymous_0)
FNDA:4,(anonymous_1)
FNDA:3,(anonymous_2)
FNDA:0,(anonymous_3)
FNDA:0,(anonymous_4)
FNDA:0,(anonymous_5)
DA:1,2
DA:2,2
DA:3,2
DA:4,2
DA:6,2
DA:7,2
DA:10,2
DA:11,1
DA:17,2
DA:18,4
DA:19,4
DA:20,3
DA:23,3
DA:24,1
DA:30,2
DA:34,2
DA:35,1
DA:41,1
DA:43,1
DA:52,1
DA:63,1
DA:64,1
DA:71,0
DA:79,2
DA:80,3
DA:81,3
DA:82,2
DA:84,2
DA:88,2
DA:89,1
DA:95,1
DA:97,1
DA:98,0
DA:104,1
DA:105,1
DA:107,1
DA:112,1
DA:127,1
DA:128,1
DA:135,0
DA:143,2
DA:144,0
DA:146,0
DA:147,0
DA:153,0
DA:154,0
DA:156,0
DA:160,0
DA:161,0
DA:167,0
DA:169,0
DA:174,0
DA:182,2
DA:183,0
DA:185,0
DA:186,0
DA:190,0
DA:191,0
DA:197,0
DA:199,0
DA:207,0
DA:209,0
DA:214,0
DA:222,2
DA:223,0
DA:225,0
DA:226,0
DA:233,0
DA:234,0
DA:240,0
DA:242,0
DA:251,0
DA:256,0
DA:263,2
LF:74
LH:41
BRDA:23,0,0,1
BRDA:23,0,1,2
BRDA:34,1,0,1
BRDA:34,1,1,1
BRDA:63,2,0,1
BRDA:63,2,1,0
BRDA:88,3,0,1
BRDA:88,3,1,1
BRDA:97,4,0,0
BRDA:97,4,1,1
BRDA:127,5,0,1
BRDA:127,5,1,0
BRDA:146,6,0,0
BRDA:146,6,1,0
BRDA:160,7,0,0
BRDA:160,7,1,0
BRDA:160,8,0,0
BRDA:160,8,1,0
BRDA:190,9,0,0
BRDA:190,9,1,0
BRDA:233,10,0,0
BRDA:233,10,1,0
BRF:22
BRH:9
end_of_record
TN:
SF:src\controllers\dashboardController.js
FN:3,(anonymous_0)
FN:6,(anonymous_1)
FN:72,(anonymous_2)
FN:84,(anonymous_3)
FN:86,(anonymous_4)
FN:89,(anonymous_5)
FNF:6
FNH:0
FNDA:0,(anonymous_0)
FNDA:0,(anonymous_1)
FNDA:0,(anonymous_2)
FNDA:0,(anonymous_3)
FNDA:0,(anonymous_4)
FNDA:0,(anonymous_5)
DA:1,2
DA:3,2
DA:4,0
DA:5,0
DA:6,0
DA:7,0
DA:8,0
DA:15,0
DA:35,0
DA:64,0
DA:72,0
DA:73,0
DA:77,0
DA:84,0
DA:85,0
DA:86,0
DA:89,0
DA:90,0
DA:94,0
DA:98,0
DA:104,0
DA:116,0
DA:118,0
DA:125,2
LF:24
LH:3
BRDA:77,0,0,0
BRDA:77,0,1,0
BRDA:86,1,0,0
BRDA:86,1,1,0
BRDA:94,2,0,0
BRDA:94,2,1,0
BRF:6
BRH:0
end_of_record
TN:
SF:src\controllers\equipmentController.js
FN:5,(anonymous_0)
FN:20,(anonymous_1)
FN:79,(anonymous_2)
FN:131,(anonymous_3)
FN:178,(anonymous_4)
FN:229,(anonymous_5)
FNF:6
FNH:5
FNDA:1,(anonymous_0)
FNDA:3,(anonymous_1)
FNDA:2,(anonymous_2)
FNDA:2,(anonymous_3)
FNDA:1,(anonymous_4)
FNDA:0,(anonymous_5)
DA:1,2
DA:2,2
DA:3,2
DA:5,2
DA:6,1
DA:7,1
DA:11,0
DA:12,0
DA:15,1
DA:20,2
DA:21,3
DA:22,3
DA:23,2
DA:25,2
DA:29,2
DA:30,1
DA:36,1
DA:45,1
DA:55,1
DA:61,1
DA:66,1
DA:67,1
DA:73,0
DA:74,0
DA:79,2
DA:80,2
DA:82,2
DA:83,2
DA:85,1
DA:89,1
DA:90,0
DA:96,1
DA:104,1
DA:113,1
DA:118,1
DA:119,1
DA:125,0
DA:126,0
DA:131,2
DA:132,2
DA:134,2
DA:135,2
DA:139,2
DA:140,0
DA:147,2
DA:148,1
DA:154,1
DA:158,1
DA:167,1
DA:172,0
DA:173,0
DA:178,2
DA:179,1
DA:180,1
DA:182,1
DA:183,1
DA:185,1
DA:188,1
DA:189,0
DA:192,1
DA:193,0
DA:199,1
DA:209,1
DA:220,0
DA:221,0
DA:229,2
DA:230,0
DA:232,0
DA:233,0
DA:240,0
DA:241,0
DA:247,0
DA:252,0
DA:253,0
DA:257,2
LF:75
LH:53
BRDA:5,0,0,0
BRDA:29,1,0,1
BRDA:29,1,1,1
BRDA:66,2,0,1
BRDA:66,2,1,0
BRDA:89,3,0,0
BRDA:89,3,1,1
BRDA:99,4,0,1
BRDA:99,4,1,0
BRDA:100,5,0,1
BRDA:100,5,1,0
BRDA:118,6,0,1
BRDA:118,6,1,0
BRDA:139,7,0,0
BRDA:139,7,1,2
BRDA:147,8,0,1
BRDA:147,8,1,1
BRDA:180,9,0,1
BRDA:180,10,0,1
BRDA:188,11,0,0
BRDA:188,11,1,1
BRDA:192,12,0,0
BRDA:192,12,1,1
BRDA:240,13,0,0
BRDA:240,13,1,0
BRF:25
BRH:14
end_of_record
TN:
SF:src\controllers\loanController.js
FN:4,(anonymous_0)
FN:18,(anonymous_1)
FN:56,(anonymous_2)
FN:60,(anonymous_3)
FN:137,(anonymous_4)
FN:141,(anonymous_5)
FN:199,(anonymous_6)
FNF:7
FNH:0
FNDA:0,(anonymous_0)
FNDA:0,(anonymous_1)
FNDA:0,(anonymous_2)
FNDA:0,(anonymous_3)
FNDA:0,(anonymous_4)
FNDA:0,(anonymous_5)
FNDA:0,(anonymous_6)
DA:1,2
DA:2,2
DA:4,2
DA:5,0
DA:6,0
DA:10,0
DA:11,0
DA:14,0
DA:18,2
DA:19,0
DA:20,0
DA:22,0
DA:23,0
DA:26,0
DA:43,0
DA:48,0
DA:49,0
DA:56,2
DA:57,0
DA:59,0
DA:60,0
DA:61,0
DA:65,0
DA:66,0
DA:69,0
DA:70,0
DA:73,0
DA:74,0
DA:78,0
DA:79,0
DA:83,0
DA:100,0
DA:105,0
DA:114,0
DA:118,0
DA:124,0
DA:129,0
DA:130,0
DA:137,2
DA:138,0
DA:140,0
DA:141,0
DA:142,0
DA:146,0
DA:147,0
DA:150,0
DA:158,0
DA:167,0
DA:174,0
DA:178,0
DA:179,0
DA:186,0
DA:191,0
DA:192,0
DA:199,2
DA:200,0
DA:202,0
DA:203,0
DA:207,0
DA:208,0
DA:214,0
DA:215,0
DA:221,0
DA:225,0
DA:234,0
DA:239,0
DA:240,0
DA:247,2
LF:68
LH:8
BRDA:4,0,0,0
BRDA:22,1,0,0
BRDA:22,1,1,0
BRDA:65,2,0,0
BRDA:65,2,1,0
BRDA:69,3,0,0
BRDA:69,3,1,0
BRDA:73,4,0,0
BRDA:73,4,1,0
BRDA:78,5,0,0
BRDA:78,5,1,0
BRDA:78,6,0,0
BRDA:78,6,1,0
BRDA:91,7,0,0
BRDA:91,7,1,0
BRDA:146,8,0,0
BRDA:146,8,1,0
BRDA:146,9,0,0
BRDA:146,9,1,0
BRDA:178,10,0,0
BRDA:178,10,1,0
BRDA:207,11,0,0
BRDA:207,11,1,0
BRDA:214,12,0,0
BRDA:214,12,1,0
BRF:25
BRH:0
end_of_record
TN:
SF:src\controllers\maintenanceController.js
FN:5,(anonymous_0)
FN:19,(anonymous_1)
FN:23,(anonymous_2)
FN:88,(anonymous_3)
FN:92,(anonymous_4)
FN:164,(anonymous_5)
FN:187,(anonymous_6)
FN:219,(anonymous_7)
FN:223,(anonymous_8)
FNF:9
FNH:0
FNDA:0,(anonymous_0)
FNDA:0,(anonymous_1)
FNDA:0,(anonymous_2)
FNDA:0,(anonymous_3)
FNDA:0,(anonymous_4)
FNDA:0,(anonymous_5)
FNDA:0,(anonymous_6)
FNDA:0,(anonymous_7)
FNDA:0,(anonymous_8)
DA:1,2
DA:2,2
DA:5,2
DA:6,0
DA:7,0
DA:11,0
DA:12,0
DA:15,0
DA:19,2
DA:20,0
DA:22,0
DA:23,0
DA:24,0
DA:28,0
DA:29,0
DA:32,0
DA:33,0
DA:36,0
DA:37,0
DA:40,0
DA:51,0
DA:56,0
DA:65,0
DA:69,0
DA:75,0
DA:80,0
DA:81,0
DA:88,2
DA:89,0
DA:91,0
DA:92,0
DA:93,0
DA:98,0
DA:99,0
DA:102,0
DA:110,0
DA:115,0
DA:125,0
DA:134,0
DA:138,0
DA:144,0
DA:151,0
DA:156,0
DA:157,0
DA:164,2
DA:165,0
DA:166,0
DA:174,0
DA:179,0
DA:180,0
DA:187,2
DA:188,0
DA:190,0
DA:191,0
DA:199,0
DA:200,0
DA:206,0
DA:211,0
DA:212,0
DA:219,2
DA:220,0
DA:222,0
DA:223,0
DA:224,0
DA:229,0
DA:230,0
DA:233,0
DA:241,0
DA:246,0
DA:255,0
DA:259,0
DA:265,0
DA:270,0
DA:271,0
DA:278,2
LF:75
LH:9
BRDA:5,0,0,0
BRDA:28,1,0,0
BRDA:28,1,1,0
BRDA:32,2,0,0
BRDA:32,2,1,0
BRDA:36,3,0,0
BRDA:36,3,1,0
BRDA:98,4,0,0
BRDA:98,4,1,0
BRDA:98,5,0,0
BRDA:98,5,1,0
BRDA:199,6,0,0
BRDA:199,6,1,0
BRDA:229,7,0,0
BRDA:229,7,1,0
BRDA:229,8,0,0
BRDA:229,8,1,0
BRF:17
BRH:0
end_of_record
TN:
SF:src\controllers\notificationController.js
FN:4,(anonymous_0)
FN:22,(anonymous_1)
FN:73,(anonymous_2)
FN:112,(anonymous_3)
FN:133,(anonymous_4)
FNF:5
FNH:0
FNDA:0,(anonymous_0)
FNDA:0,(anonymous_1)
FNDA:0,(anonymous_2)
FNDA:0,(anonymous_3)
FNDA:0,(anonymous_4)
DA:1,2
DA:4,2
DA:5,0
DA:6,0
DA:14,0
DA:16,0
DA:17,0
DA:22,2
DA:23,0
DA:24,0
DA:26,0
DA:27,0
DA:29,0
DA:33,0
DA:34,0
DA:37,0
DA:48,0
DA:55,0
DA:67,0
DA:68,0
DA:73,2
DA:74,0
DA:76,0
DA:77,0
DA:81,0
DA:82,0
DA:89,0
DA:90,0
DA:96,0
DA:101,0
DA:106,0
DA:107,0
DA:112,2
DA:113,0
DA:114,0
DA:122,0
DA:127,0
DA:128,0
DA:133,2
DA:134,0
DA:136,0
DA:137,0
DA:141,0
DA:142,0
DA:148,0
DA:149,0
DA:155,0
DA:159,0
DA:164,0
DA:165,0
DA:169,2
LF:51
LH:7
BRDA:4,0,0,0
BRDA:24,1,0,0
BRDA:24,2,0,0
BRDA:24,3,0,0
BRDA:33,4,0,0
BRDA:33,4,1,0
BRDA:33,5,0,0
BRDA:33,5,1,0
BRDA:81,6,0,0
BRDA:81,6,1,0
BRDA:89,7,0,0
BRDA:89,7,1,0
BRDA:141,8,0,0
BRDA:141,8,1,0
BRDA:148,9,0,0
BRDA:148,9,1,0
BRF:16
BRH:0
end_of_record
TN:
SF:src\controllers\scheduleController.js
FN:6,(anonymous_0)
FN:20,(anonymous_1)
FN:34,(anonymous_2)
FN:116,(anonymous_3)
FN:151,(anonymous_4)
FN:155,(anonymous_5)
FN:244,(anonymous_6)
FN:248,(anonymous_7)
FN:327,(anonymous_8)
FN:331,(anonymous_9)
FNF:10
FNH:0
FNDA:0,(anonymous_0)
FNDA:0,(anonymous_1)
FNDA:0,(anonymous_2)
FNDA:0,(anonymous_3)
FNDA:0,(anonymous_4)
FNDA:0,(anonymous_5)
FNDA:0,(anonymous_6)
FNDA:0,(anonymous_7)
FNDA:0,(anonymous_8)
FNDA:0,(anonymous_9)
DA:1,2
DA:2,2
DA:3,2
DA:6,2
DA:7,0
DA:8,0
DA:12,0
DA:13,0
DA:16,0
DA:20,2
DA:21,0
DA:34,2
DA:35,0
DA:36,0
DA:38,0
DA:39,0
DA:45,0
DA:46,0
DA:52,0
DA:56,0
DA:57,0
DA:63,0
DA:69,0
DA:70,0
DA:76,0
DA:92,0
DA:100,0
DA:106,0
DA:111,0
DA:112,0
DA:116,2
DA:117,0
DA:118,0
DA:120,0
DA:121,0
DA:124,0
DA:141,0
DA:146,0
DA:147,0
DA:151,2
DA:152,0
DA:154,0
DA:155,0
DA:156,0
DA:160,0
DA:161,0
DA:164,0
DA:168,0
DA:169,0
DA:172,0
DA:180,0
DA:181,0
DA:184,0
DA:194,0
DA:206,0
DA:211,0
DA:220,0
DA:224,0
DA:231,0
DA:236,0
DA:237,0
DA:244,2
DA:245,0
DA:247,0
DA:248,0
DA:249,0
DA:253,0
DA:254,0
DA:257,0
DA:258,0
DA:260,0
DA:261,0
DA:265,0
DA:266,0
DA:269,0
DA:270,0
DA:273,0
DA:283,0
DA:284,0
DA:288,0
DA:294,0
DA:303,0
DA:307,0
DA:314,0
DA:319,0
DA:320,0
DA:327,2
DA:328,0
DA:330,0
DA:331,0
DA:332,0
DA:336,0
DA:337,0
DA:340,0
DA:341,0
DA:344,0
DA:354,0
DA:365,0
DA:370,0
DA:379,0
DA:382,0
DA:387,0
DA:388,0
DA:395,2
LF:104
LH:11
BRDA:6,0,0,0
BRDA:20,1,0,0
BRDA:25,2,0,0
BRDA:25,2,1,0
BRDA:38,3,0,0
BRDA:38,3,1,0
BRDA:38,4,0,0
BRDA:38,4,1,0
BRDA:38,4,2,0
BRDA:38,4,3,0
BRDA:45,5,0,0
BRDA:45,5,1,0
BRDA:56,6,0,0
BRDA:56,6,1,0
BRDA:56,7,0,0
BRDA:56,7,1,0
BRDA:69,8,0,0
BRDA:69,8,1,0
BRDA:120,9,0,0
BRDA:120,9,1,0
BRDA:160,10,0,0
BRDA:160,10,1,0
BRDA:160,11,0,0
BRDA:160,11,1,0
BRDA:168,12,0,0
BRDA:168,12,1,0
BRDA:168,13,0,0
BRDA:168,13,1,0
BRDA:180,14,0,0
BRDA:180,14,1,0
BRDA:253,15,0,0
BRDA:253,15,1,0
BRDA:260,16,0,0
BRDA:260,16,1,0
BRDA:260,17,0,0
BRDA:260,17,1,0
BRDA:265,18,0,0
BRDA:265,18,1,0
BRDA:265,19,0,0
BRDA:265,19,1,0
BRDA:269,20,0,0
BRDA:269,20,1,0
BRDA:283,21,0,0
BRDA:283,21,1,0
BRDA:336,22,0,0
BRDA:336,22,1,0
BRDA:336,23,0,0
BRDA:336,23,1,0
BRDA:340,24,0,0
BRDA:340,24,1,0
BRF:50
BRH:0
end_of_record
TN:
SF:src\controllers\sectorController.js
FN:4,(anonymous_0)
FN:18,(anonymous_1)
FN:64,(anonymous_2)
FN:83,(anonymous_3)
FN:111,(anonymous_4)
FN:156,(anonymous_5)
FNF:6
FNH:0
FNDA:0,(anonymous_0)
FNDA:0,(anonymous_1)
FNDA:0,(anonymous_2)
FNDA:0,(anonymous_3)
FNDA:0,(anonymous_4)
FNDA:0,(anonymous_5)
DA:1,2
DA:2,2
DA:4,2
DA:5,0
DA:6,0
DA:10,0
DA:11,0
DA:14,0
DA:18,2
DA:19,0
DA:20,0
DA:22,0
DA:23,0
DA:29,0
DA:35,0
DA:45,0
DA:51,0
DA:56,0
DA:57,0
DA:64,2
DA:65,0
DA:66,0
DA:70,0
DA:75,0
DA:76,0
DA:83,2
DA:84,0
DA:86,0
DA:87,0
DA:91,0
DA:92,0
DA:98,0
DA:103,0
DA:104,0
DA:111,2
DA:112,0
DA:113,0
DA:115,0
DA:116,0
DA:120,0
DA:121,0
DA:127,0
DA:134,0
DA:143,0
DA:148,0
DA:149,0
DA:156,2
DA:157,0
DA:159,0
DA:160,0
DA:164,0
DA:165,0
DA:171,0
DA:175,0
DA:185,0
DA:191,0
DA:196,0
DA:197,0
DA:202,0
DA:203,0
DA:210,2
LF:61
LH:9
BRDA:4,0,0,0
BRDA:22,1,0,0
BRDA:22,1,1,0
BRDA:22,2,0,0
BRDA:22,2,1,0
BRDA:91,3,0,0
BRDA:91,3,1,0
BRDA:120,4,0,0
BRDA:120,4,1,0
BRDA:130,5,0,0
BRDA:130,5,1,0
BRDA:164,6,0,0
BRDA:164,6,1,0
BRDA:196,7,0,0
BRDA:196,7,1,0
BRF:15
BRH:0
end_of_record
TN:
SF:src\controllers\transferController.js
FN:4,(anonymous_0)
FN:18,(anonymous_1)
FN:22,(anonymous_2)
FN:103,(anonymous_3)
FN:127,(anonymous_4)
FN:160,(anonymous_5)
FN:186,(anonymous_6)
FN:202,(anonymous_7)
FNF:8
FNH:0
FNDA:0,(anonymous_0)
FNDA:0,(anonymous_1)
FNDA:0,(anonymous_2)
FNDA:0,(anonymous_3)
FNDA:0,(anonymous_4)
FNDA:0,(anonymous_5)
FNDA:0,(anonymous_6)
FNDA:0,(anonymous_7)
DA:1,2
DA:2,2
DA:4,2
DA:5,0
DA:6,0
DA:10,0
DA:11,0
DA:14,0
DA:18,2
DA:19,0
DA:21,0
DA:22,0
DA:23,0
DA:27,0
DA:28,0
DA:31,0
DA:32,0
DA:35,0
DA:43,0
DA:44,0
DA:47,0
DA:48,0
DA:51,0
DA:64,0
DA:71,0
DA:80,0
DA:84,0
DA:90,0
DA:95,0
DA:96,0
DA:103,2
DA:104,0
DA:105,0
DA:114,0
DA:119,0
DA:120,0
DA:127,2
DA:128,0
DA:130,0
DA:131,0
DA:140,0
DA:141,0
DA:147,0
DA:152,0
DA:153,0
DA:160,2
DA:161,0
DA:163,0
DA:164,0
DA:173,0
DA:178,0
DA:179,0
DA:186,2
DA:187,0
DA:188,0
DA:202,0
DA:210,0
DA:215,0
DA:216,0
DA:223,2
LF:60
LH:9
BRDA:4,0,0,0
BRDA:27,1,0,0
BRDA:27,1,1,0
BRDA:31,2,0,0
BRDA:31,2,1,0
BRDA:43,3,0,0
BRDA:43,3,1,0
BRDA:47,4,0,0
BRDA:47,4,1,0
BRDA:140,5,0,0
BRDA:140,5,1,0
BRF:11
BRH:0
end_of_record
TN:
SF:src\controllers\userController.js
FN:6,(anonymous_0)
FN:20,(anonymous_1)
FN:87,(anonymous_2)
FN:138,(anonymous_3)
FN:170,(anonymous_4)
FN:250,(anonymous_5)
FN:303,(anonymous_6)
FN:328,(anonymous_7)
FN:386,(anonymous_8)
FNF:9
FNH:0
FNDA:0,(anonymous_0)
FNDA:0,(anonymous_1)
FNDA:0,(anonymous_2)
FNDA:0,(anonymous_3)
FNDA:0,(anonymous_4)
FNDA:0,(anonymous_5)
FNDA:0,(anonymous_6)
FNDA:0,(anonymous_7)
FNDA:0,(anonymous_8)
DA:1,2
DA:2,2
DA:3,2
DA:4,2
DA:6,2
DA:7,0
DA:8,0
DA:12,0
DA:13,0
DA:16,0
DA:20,2
DA:21,0
DA:22,0
DA:23,0
DA:25,0
DA:29,0
DA:30,0
DA:36,0
DA:38,0
DA:54,0
DA:64,0
DA:70,0
DA:75,0
DA:76,0
DA:82,0
DA:83,0
DA:87,2
DA:88,0
DA:89,0
DA:91,0
DA:92,0
DA:94,0
DA:96,0
DA:98,0
DA:99,0
DA:105,0
DA:122,0
DA:133,0
DA:134,0
DA:138,2
DA:139,0
DA:141,0
DA:142,0
DA:153,0
DA:154,0
DA:160,0
DA:165,0
DA:166,0
DA:170,2
DA:171,0
DA:173,0
DA:174,0
DA:175,0
DA:177,0
DA:181,0
DA:182,0
DA:189,0
DA:190,0
DA:196,0
DA:197,0
DA:201,0
DA:202,0
DA:209,0
DA:215,0
DA:216,0
DA:219,0
DA:224,0
DA:233,0
DA:238,0
DA:239,0
DA:245,0
DA:246,0
DA:250,2
DA:251,0
DA:253,0
DA:254,0
DA:258,0
DA:259,0
DA:266,0
DA:267,0
DA:273,0
DA:277,0
DA:287,0
DA:293,0
DA:298,0
DA:299,0
DA:303,2
DA:304,0
DA:305,0
DA:316,0
DA:318,0
DA:323,0
DA:324,0
DA:328,2
DA:329,0
DA:330,0
DA:331,0
DA:333,0
DA:337,0
DA:338,0
DA:344,0
DA:346,0
DA:347,0
DA:353,0
DA:355,0
DA:360,0
DA:369,0
DA:374,0
DA:375,0
DA:381,0
DA:382,0
DA:386,2
DA:387,0
DA:388,0
DA:389,0
DA:391,0
DA:395,0
DA:396,0
DA:402,0
DA:403,0
DA:407,0
DA:408,0
DA:415,0
DA:429,0
DA:438,0
DA:443,0
DA:444,0
DA:450,0
DA:451,0
DA:455,2
LF:130
LH:14
BRDA:6,0,0,0
BRDA:29,1,0,0
BRDA:29,1,1,0
BRDA:75,2,0,0
BRDA:75,2,1,0
BRDA:89,3,0,0
BRDA:89,4,0,0
BRDA:96,5,0,0
BRDA:96,5,1,0
BRDA:98,6,0,0
BRDA:98,6,1,0
BRDA:153,7,0,0
BRDA:153,7,1,0
BRDA:181,8,0,0
BRDA:181,8,1,0
BRDA:189,9,0,0
BRDA:189,9,1,0
BRDA:189,10,0,0
BRDA:189,10,1,0
BRDA:196,11,0,0
BRDA:196,11,1,0
BRDA:196,12,0,0
BRDA:196,12,1,0
BRDA:201,13,0,0
BRDA:201,13,1,0
BRDA:210,14,0,0
BRDA:210,14,1,0
BRDA:211,15,0,0
BRDA:211,15,1,0
BRDA:212,16,0,0
BRDA:212,16,1,0
BRDA:215,17,0,0
BRDA:215,17,1,0
BRDA:238,18,0,0
BRDA:238,18,1,0
BRDA:258,19,0,0
BRDA:258,19,1,0
BRDA:266,20,0,0
BRDA:266,20,1,0
BRDA:337,21,0,0
BRDA:337,21,1,0
BRDA:346,22,0,0
BRDA:346,22,1,0
BRDA:374,23,0,0
BRDA:374,23,1,0
BRDA:395,24,0,0
BRDA:395,24,1,0
BRDA:402,25,0,0
BRDA:402,25,1,0
BRDA:402,26,0,0
BRDA:402,26,1,0
BRDA:407,27,0,0
BRDA:407,27,1,0
BRDA:418,28,0,0
BRDA:418,28,1,0
BRDA:419,29,0,0
BRDA:419,29,1,0
BRDA:443,30,0,0
BRDA:443,30,1,0
BRF:59
BRH:0
end_of_record
TN:
SF:src\middlewares\authMiddleware.js
FN:3,(anonymous_0)
FNF:1
FNH:0
FNDA:0,(anonymous_0)
DA:1,1
DA:3,1
DA:4,0
DA:5,0
DA:7,0
DA:8,0
DA:11,0
DA:13,0
DA:15,0
DA:20,0
DA:22,0
DA:26,1
LF:12
LH:3
BRDA:7,0,0,0
BRDA:7,0,1,0
BRF:2
BRH:0
end_of_record
TN:
SF:src\middlewares\rateLimit.js
FNF:0
FNH:0
DA:1,2
DA:3,2
DA:11,2
LF:3
LH:3
BRF:0
BRH:0
end_of_record
TN:
SF:src\middlewares\roleMiddleware.js
FN:1,(anonymous_0)
FN:2,(anonymous_1)
FNF:2
FNH:1
FNDA:36,(anonymous_0)
FNDA:0,(anonymous_1)
DA:1,1
DA:2,36
DA:3,0
DA:4,0
DA:10,0
DA:14,1
LF:6
LH:3
BRDA:3,0,0,0
BRDA:3,0,1,0
BRDA:3,1,0,0
BRDA:3,1,1,0
BRF:4
BRH:0
end_of_record
TN:
SF:src\routes\anomalyRoutes.js
FNF:0
FNH:0
DA:8,2
DA:10,2
DA:11,2
DA:20,2
DA:50,2
DA:79,2
DA:100,2
DA:131,2
DA:152,2
DA:173,2
DA:175,2
LF:11
LH:11
BRF:0
BRH:0
end_of_record
TN:
SF:src\routes\authRoutes.js
FNF:0
FNH:0
DA:69,2
DA:70,2
DA:72,2
DA:80,2
DA:83,2
DA:121,2
DA:140,2
DA:143,2
DA:144,2
DA:146,2
LF:10
LH:10
BRF:0
BRH:0
end_of_record
TN:
SF:src\routes\dashboardRoutes.js
FNF:0
FNH:0
DA:1,2
DA:2,2
DA:4,2
DA:6,2
DA:8,2
LF:5
LH:5
BRF:0
BRH:0
end_of_record
TN:
SF:src\routes\equipmentRoutes.js
FNF:0
FNH:0
DA:1,2
DA:3,2
DA:4,2
DA:12,2
DA:33,2
DA:34,2
DA:35,2
DA:68,2
DA:69,2
DA:71,2
LF:10
LH:10
BRF:0
BRH:0
end_of_record
TN:
SF:src\routes\index.js
FNF:0
FNH:0
DA:1,2
DA:2,2
DA:5,2
DA:6,2
DA:7,2
DA:8,2
DA:9,2
DA:10,2
DA:11,2
DA:12,2
DA:13,2
DA:14,2
DA:15,2
DA:18,2
DA:19,2
DA:20,2
DA:21,2
DA:22,2
DA:23,2
DA:24,2
DA:25,2
DA:26,2
DA:27,2
DA:28,2
DA:30,2
LF:25
LH:25
BRF:0
BRH:0
end_of_record
TN:
SF:src\routes\loanRoutes.js
FNF:0
FNH:0
DA:8,2
DA:9,2
DA:10,2
DA:12,2
DA:26,2
DA:53,2
DA:76,2
DA:95,2
DA:97,2
LF:9
LH:9
BRF:0
BRH:0
end_of_record
TN:
SF:src\routes\maintenanceRoutes.js
FNF:0
FNH:0
DA:8,2
DA:10,2
DA:11,2
DA:19,2
DA:48,2
DA:67,2
DA:86,2
DA:100,2
DA:119,2
DA:121,2
LF:10
LH:10
BRF:0
BRH:0
end_of_record
TN:
SF:src\routes\notificationRoutes.js
FNF:0
FNH:0
DA:7,2
DA:8,2
DA:15,2
DA:17,2
DA:18,2
DA:19,2
DA:20,2
DA:22,2
LF:8
LH:8
BRF:0
BRH:0
end_of_record
TN:
SF:src\routes\scheduleRoutes.js
FNF:0
FNH:0
DA:8,2
DA:9,2
DA:10,2
DA:18,2
DA:38,2
DA:66,2
DA:87,2
DA:106,2
DA:127,2
DA:129,2
LF:10
LH:10
BRF:0
BRH:0
end_of_record
TN:
SF:src\routes\sectorRoutes.js
FNF:0
FNH:0
DA:7,2
DA:9,2
DA:10,2
DA:18,2
DA:20,2
DA:21,2
DA:22,2
DA:23,2
DA:24,2
DA:26,2
LF:10
LH:10
BRF:0
BRH:0
end_of_record
TN:
SF:src\routes\transferRoutes.js
FNF:0
FNH:0
DA:7,2
DA:9,2
DA:10,2
DA:18,2
DA:20,2
DA:21,2
DA:22,2
DA:23,2
DA:24,2
DA:26,2
LF:10
LH:10
BRF:0
BRH:0
end_of_record
TN:
SF:src\routes\userRoutes.js
FNF:0
FNH:0
DA:1,2
DA:3,2
DA:4,2
DA:15,2
DA:41,2
DA:42,2
DA:43,2
DA:46,2
DA:66,2
DA:67,2
DA:68,2
DA:69,2
DA:71,2
LF:13
LH:13
BRF:0
BRH:0
end_of_record
TN:
SF:src\utils\jwt.js
FN:3,(anonymous_0)
FNF:1
FNH:1
FNDA:1,(anonymous_0)
DA:1,2
DA:3,2
DA:4,1
DA:14,2
LF:4
LH:4
BRF:0
BRH:0
end_of_record
TN:
SF:src\utils\logger.js
FN:3,(anonymous_0)
FNF:1
FNH:0
FNDA:0,(anonymous_0)
DA:1,2
DA:3,2
DA:4,0
DA:5,0
DA:14,0
DA:18,2
LF:6
LH:3
BRF:0
BRH:0
end_of_record
TN:
SF:src\utils\prisma.js
FNF:0
FNH:0
DA:1,0
DA:3,0
DA:5,0
LF:3
LH:0
BRF:0
BRH:0
end_of_record
TN:
SF:src\validators\authValidator.js
FNF:0
FNH:0
DA:1,2
DA:3,2
DA:10,2
DA:15,2
LF:4
LH:4
BRF:0
BRH:0
end_of_record
TN:
SF:src\validators\equipmentValidator.js
FNF:0
FNH:0
DA:1,2
DA:3,2
DA:8,2
DA:13,2
LF:4
LH:4
BRF:0
BRH:0
end_of_record
TN:
SF:src\validators\userValidator.js
FNF:0
FNH:0
DA:1,2
DA:3,2
DA:12,2
DA:19,2
DA:24,2
DA:29,2
LF:6
LH:6
BRF:0
BRH:0
end_of_record
